ERROR - 2023-03-01 06:17:39 --> Error connecting to the database: mysqli_sql_exception: No connection could be made because the target machine actively refused it in C:\xampp\htdocs\tiarahalalindonesia\system\Database\MySQLi\Connection.php:174
Stack trace:
#0 C:\xampp\htdocs\tiarahalalindonesia\system\Database\MySQLi\Connection.php(174): mysqli->real_connect('localhost', 'root', '', 'cv-thi', 3306, '', 0)
#1 C:\xampp\htdocs\tiarahalalindonesia\system\Database\BaseConnection.php(391): CodeIgniter\Database\MySQLi\Connection->connect(false)
#2 C:\xampp\htdocs\tiarahalalindonesia\system\Database\BaseConnection.php(573): CodeIgniter\Database\BaseConnection->initialize()
#3 C:\xampp\htdocs\tiarahalalindonesia\app\Models\KonfigurasiModel.php(68): CodeIgniter\Database\BaseConnection->query('SELECT * FROM s...')
#4 C:\xampp\htdocs\tiarahalalindonesia\app\Controllers\Home.php(21): App\Models\KonfigurasiModel->getSlider()
#5 C:\xampp\htdocs\tiarahalalindonesia\system\CodeIgniter.php(934): App\Controllers\Home->index()
#6 C:\xampp\htdocs\tiarahalalindonesia\system\CodeIgniter.php(499): CodeIgniter\CodeIgniter->runController(Object(App\Controllers\Home))
#7 C:\xampp\htdocs\tiarahalalindonesia\system\CodeIgniter.php(368): CodeIgniter\CodeIgniter->handleRequest(NULL, Object(Config\Cache), false)
#8 C:\xampp\htdocs\tiarahalalindonesia\public\index.php(67): CodeIgniter\CodeIgniter->run()
#9 C:\xampp\htdocs\tiarahalalindonesia\system\Commands\Server\rewrite.php(47): require_once('C:\\xampp\\htdocs...')
#10 {main}

Next CodeIgniter\Database\Exceptions\DatabaseException: No connection could be made because the target machine actively refused it in C:\xampp\htdocs\tiarahalalindonesia\system\Database\MySQLi\Connection.php:218
Stack trace:
#0 C:\xampp\htdocs\tiarahalalindonesia\system\Database\BaseConnection.php(391): CodeIgniter\Database\MySQLi\Connection->connect(false)
#1 C:\xampp\htdocs\tiarahalalindonesia\system\Database\BaseConnection.php(573): CodeIgniter\Database\BaseConnection->initialize()
#2 C:\xampp\htdocs\tiarahalalindonesia\app\Models\KonfigurasiModel.php(68): CodeIgniter\Database\BaseConnection->query('SELECT * FROM s...')
#3 C:\xampp\htdocs\tiarahalalindonesia\app\Controllers\Home.php(21): App\Models\KonfigurasiModel->getSlider()
#4 C:\xampp\htdocs\tiarahalalindonesia\system\CodeIgniter.php(934): App\Controllers\Home->index()
#5 C:\xampp\htdocs\tiarahalalindonesia\system\CodeIgniter.php(499): CodeIgniter\CodeIgniter->runController(Object(App\Controllers\Home))
#6 C:\xampp\htdocs\tiarahalalindonesia\system\CodeIgniter.php(368): CodeIgniter\CodeIgniter->handleRequest(NULL, Object(Config\Cache), false)
#7 C:\xampp\htdocs\tiarahalalindonesia\public\index.php(67): CodeIgniter\CodeIgniter->run()
#8 C:\xampp\htdocs\tiarahalalindonesia\system\Commands\Server\rewrite.php(47): require_once('C:\\xampp\\htdocs...')
#9 {main}
CRITICAL - 2023-03-01 06:17:39 --> Unable to connect to the database.
Main connection [MySQLi]: No connection could be made because the target machine actively refused it
in SYSTEMPATH\Database\BaseConnection.php on line 427.
 1 SYSTEMPATH\Database\BaseConnection.php(573): CodeIgniter\Database\BaseConnection->initialize()
 2 APPPATH\Models\KonfigurasiModel.php(68): CodeIgniter\Database\BaseConnection->query('SELECT * FROM slider WHERE `status`=1 ORDER BY no_urut ASC')
 3 APPPATH\Controllers\Home.php(21): App\Models\KonfigurasiModel->getSlider()
 4 SYSTEMPATH\CodeIgniter.php(934): App\Controllers\Home->index()
 5 SYSTEMPATH\CodeIgniter.php(499): CodeIgniter\CodeIgniter->runController(Object(App\Controllers\Home))
 6 SYSTEMPATH\CodeIgniter.php(368): CodeIgniter\CodeIgniter->handleRequest(null, Object(Config\Cache), false)
 7 FCPATH\index.php(67): CodeIgniter\CodeIgniter->run()
 8 SYSTEMPATH\Commands\Server\rewrite.php(47): require_once('FCPATH\\index.php')
ERROR - 2023-03-01 06:21:02 --> Error connecting to the database: mysqli_sql_exception: No connection could be made because the target machine actively refused it in C:\xampp\htdocs\tiarahalalindonesia\system\Database\MySQLi\Connection.php:174
Stack trace:
#0 C:\xampp\htdocs\tiarahalalindonesia\system\Database\MySQLi\Connection.php(174): mysqli->real_connect('localhost', 'root', '', 'cv-thi', 3306, '', 0)
#1 C:\xampp\htdocs\tiarahalalindonesia\system\Database\BaseConnection.php(391): CodeIgniter\Database\MySQLi\Connection->connect(false)
#2 C:\xampp\htdocs\tiarahalalindonesia\system\Database\BaseConnection.php(573): CodeIgniter\Database\BaseConnection->initialize()
#3 C:\xampp\htdocs\tiarahalalindonesia\app\Models\KonfigurasiModel.php(68): CodeIgniter\Database\BaseConnection->query('SELECT * FROM s...')
#4 C:\xampp\htdocs\tiarahalalindonesia\app\Controllers\Home.php(21): App\Models\KonfigurasiModel->getSlider()
#5 C:\xampp\htdocs\tiarahalalindonesia\system\CodeIgniter.php(934): App\Controllers\Home->index()
#6 C:\xampp\htdocs\tiarahalalindonesia\system\CodeIgniter.php(499): CodeIgniter\CodeIgniter->runController(Object(App\Controllers\Home))
#7 C:\xampp\htdocs\tiarahalalindonesia\system\CodeIgniter.php(368): CodeIgniter\CodeIgniter->handleRequest(NULL, Object(Config\Cache), false)
#8 C:\xampp\htdocs\tiarahalalindonesia\public\index.php(67): CodeIgniter\CodeIgniter->run()
#9 C:\xampp\htdocs\tiarahalalindonesia\system\Commands\Server\rewrite.php(47): require_once('C:\\xampp\\htdocs...')
#10 {main}

Next CodeIgniter\Database\Exceptions\DatabaseException: No connection could be made because the target machine actively refused it in C:\xampp\htdocs\tiarahalalindonesia\system\Database\MySQLi\Connection.php:218
Stack trace:
#0 C:\xampp\htdocs\tiarahalalindonesia\system\Database\BaseConnection.php(391): CodeIgniter\Database\MySQLi\Connection->connect(false)
#1 C:\xampp\htdocs\tiarahalalindonesia\system\Database\BaseConnection.php(573): CodeIgniter\Database\BaseConnection->initialize()
#2 C:\xampp\htdocs\tiarahalalindonesia\app\Models\KonfigurasiModel.php(68): CodeIgniter\Database\BaseConnection->query('SELECT * FROM s...')
#3 C:\xampp\htdocs\tiarahalalindonesia\app\Controllers\Home.php(21): App\Models\KonfigurasiModel->getSlider()
#4 C:\xampp\htdocs\tiarahalalindonesia\system\CodeIgniter.php(934): App\Controllers\Home->index()
#5 C:\xampp\htdocs\tiarahalalindonesia\system\CodeIgniter.php(499): CodeIgniter\CodeIgniter->runController(Object(App\Controllers\Home))
#6 C:\xampp\htdocs\tiarahalalindonesia\system\CodeIgniter.php(368): CodeIgniter\CodeIgniter->handleRequest(NULL, Object(Config\Cache), false)
#7 C:\xampp\htdocs\tiarahalalindonesia\public\index.php(67): CodeIgniter\CodeIgniter->run()
#8 C:\xampp\htdocs\tiarahalalindonesia\system\Commands\Server\rewrite.php(47): require_once('C:\\xampp\\htdocs...')
#9 {main}
CRITICAL - 2023-03-01 06:21:02 --> Unable to connect to the database.
Main connection [MySQLi]: No connection could be made because the target machine actively refused it
in SYSTEMPATH\Database\BaseConnection.php on line 427.
 1 SYSTEMPATH\Database\BaseConnection.php(573): CodeIgniter\Database\BaseConnection->initialize()
 2 APPPATH\Models\KonfigurasiModel.php(68): CodeIgniter\Database\BaseConnection->query('SELECT * FROM slider WHERE `status`=1 ORDER BY no_urut ASC')
 3 APPPATH\Controllers\Home.php(21): App\Models\KonfigurasiModel->getSlider()
 4 SYSTEMPATH\CodeIgniter.php(934): App\Controllers\Home->index()
 5 SYSTEMPATH\CodeIgniter.php(499): CodeIgniter\CodeIgniter->runController(Object(App\Controllers\Home))
 6 SYSTEMPATH\CodeIgniter.php(368): CodeIgniter\CodeIgniter->handleRequest(null, Object(Config\Cache), false)
 7 FCPATH\index.php(67): CodeIgniter\CodeIgniter->run()
 8 SYSTEMPATH\Commands\Server\rewrite.php(47): require_once('FCPATH\\index.php')
ERROR - 2023-03-01 06:21:13 --> Error connecting to the database: mysqli_sql_exception: No connection could be made because the target machine actively refused it in C:\xampp\htdocs\tiarahalalindonesia\system\Database\MySQLi\Connection.php:174
Stack trace:
#0 C:\xampp\htdocs\tiarahalalindonesia\system\Database\MySQLi\Connection.php(174): mysqli->real_connect('localhost', 'root', '', 'cv-thi', 3306, '', 0)
#1 C:\xampp\htdocs\tiarahalalindonesia\system\Database\BaseConnection.php(391): CodeIgniter\Database\MySQLi\Connection->connect(false)
#2 C:\xampp\htdocs\tiarahalalindonesia\system\Database\BaseConnection.php(573): CodeIgniter\Database\BaseConnection->initialize()
#3 C:\xampp\htdocs\tiarahalalindonesia\app\Models\KonfigurasiModel.php(68): CodeIgniter\Database\BaseConnection->query('SELECT * FROM s...')
#4 C:\xampp\htdocs\tiarahalalindonesia\app\Controllers\Home.php(21): App\Models\KonfigurasiModel->getSlider()
#5 C:\xampp\htdocs\tiarahalalindonesia\system\CodeIgniter.php(934): App\Controllers\Home->index()
#6 C:\xampp\htdocs\tiarahalalindonesia\system\CodeIgniter.php(499): CodeIgniter\CodeIgniter->runController(Object(App\Controllers\Home))
#7 C:\xampp\htdocs\tiarahalalindonesia\system\CodeIgniter.php(368): CodeIgniter\CodeIgniter->handleRequest(NULL, Object(Config\Cache), false)
#8 C:\xampp\htdocs\tiarahalalindonesia\public\index.php(67): CodeIgniter\CodeIgniter->run()
#9 C:\xampp\htdocs\tiarahalalindonesia\system\Commands\Server\rewrite.php(47): require_once('C:\\xampp\\htdocs...')
#10 {main}

Next CodeIgniter\Database\Exceptions\DatabaseException: No connection could be made because the target machine actively refused it in C:\xampp\htdocs\tiarahalalindonesia\system\Database\MySQLi\Connection.php:218
Stack trace:
#0 C:\xampp\htdocs\tiarahalalindonesia\system\Database\BaseConnection.php(391): CodeIgniter\Database\MySQLi\Connection->connect(false)
#1 C:\xampp\htdocs\tiarahalalindonesia\system\Database\BaseConnection.php(573): CodeIgniter\Database\BaseConnection->initialize()
#2 C:\xampp\htdocs\tiarahalalindonesia\app\Models\KonfigurasiModel.php(68): CodeIgniter\Database\BaseConnection->query('SELECT * FROM s...')
#3 C:\xampp\htdocs\tiarahalalindonesia\app\Controllers\Home.php(21): App\Models\KonfigurasiModel->getSlider()
#4 C:\xampp\htdocs\tiarahalalindonesia\system\CodeIgniter.php(934): App\Controllers\Home->index()
#5 C:\xampp\htdocs\tiarahalalindonesia\system\CodeIgniter.php(499): CodeIgniter\CodeIgniter->runController(Object(App\Controllers\Home))
#6 C:\xampp\htdocs\tiarahalalindonesia\system\CodeIgniter.php(368): CodeIgniter\CodeIgniter->handleRequest(NULL, Object(Config\Cache), false)
#7 C:\xampp\htdocs\tiarahalalindonesia\public\index.php(67): CodeIgniter\CodeIgniter->run()
#8 C:\xampp\htdocs\tiarahalalindonesia\system\Commands\Server\rewrite.php(47): require_once('C:\\xampp\\htdocs...')
#9 {main}
CRITICAL - 2023-03-01 06:21:13 --> Unable to connect to the database.
Main connection [MySQLi]: No connection could be made because the target machine actively refused it
in SYSTEMPATH\Database\BaseConnection.php on line 427.
 1 SYSTEMPATH\Database\BaseConnection.php(573): CodeIgniter\Database\BaseConnection->initialize()
 2 APPPATH\Models\KonfigurasiModel.php(68): CodeIgniter\Database\BaseConnection->query('SELECT * FROM slider WHERE `status`=1 ORDER BY no_urut ASC')
 3 APPPATH\Controllers\Home.php(21): App\Models\KonfigurasiModel->getSlider()
 4 SYSTEMPATH\CodeIgniter.php(934): App\Controllers\Home->index()
 5 SYSTEMPATH\CodeIgniter.php(499): CodeIgniter\CodeIgniter->runController(Object(App\Controllers\Home))
 6 SYSTEMPATH\CodeIgniter.php(368): CodeIgniter\CodeIgniter->handleRequest(null, Object(Config\Cache), false)
 7 FCPATH\index.php(67): CodeIgniter\CodeIgniter->run()
 8 SYSTEMPATH\Commands\Server\rewrite.php(47): require_once('FCPATH\\index.php')
ERROR - 2023-03-01 06:21:19 --> Error connecting to the database: mysqli_sql_exception: No connection could be made because the target machine actively refused it in C:\xampp\htdocs\tiarahalalindonesia\system\Database\MySQLi\Connection.php:174
Stack trace:
#0 C:\xampp\htdocs\tiarahalalindonesia\system\Database\MySQLi\Connection.php(174): mysqli->real_connect('localhost', 'root', '', 'cv-thi', 3306, '', 0)
#1 C:\xampp\htdocs\tiarahalalindonesia\system\Database\BaseConnection.php(391): CodeIgniter\Database\MySQLi\Connection->connect(false)
#2 C:\xampp\htdocs\tiarahalalindonesia\system\Database\BaseConnection.php(573): CodeIgniter\Database\BaseConnection->initialize()
#3 C:\xampp\htdocs\tiarahalalindonesia\app\Models\KonfigurasiModel.php(68): CodeIgniter\Database\BaseConnection->query('SELECT * FROM s...')
#4 C:\xampp\htdocs\tiarahalalindonesia\app\Controllers\Home.php(21): App\Models\KonfigurasiModel->getSlider()
#5 C:\xampp\htdocs\tiarahalalindonesia\system\CodeIgniter.php(934): App\Controllers\Home->index()
#6 C:\xampp\htdocs\tiarahalalindonesia\system\CodeIgniter.php(499): CodeIgniter\CodeIgniter->runController(Object(App\Controllers\Home))
#7 C:\xampp\htdocs\tiarahalalindonesia\system\CodeIgniter.php(368): CodeIgniter\CodeIgniter->handleRequest(NULL, Object(Config\Cache), false)
#8 C:\xampp\htdocs\tiarahalalindonesia\public\index.php(67): CodeIgniter\CodeIgniter->run()
#9 C:\xampp\htdocs\tiarahalalindonesia\system\Commands\Server\rewrite.php(47): require_once('C:\\xampp\\htdocs...')
#10 {main}

Next CodeIgniter\Database\Exceptions\DatabaseException: No connection could be made because the target machine actively refused it in C:\xampp\htdocs\tiarahalalindonesia\system\Database\MySQLi\Connection.php:218
Stack trace:
#0 C:\xampp\htdocs\tiarahalalindonesia\system\Database\BaseConnection.php(391): CodeIgniter\Database\MySQLi\Connection->connect(false)
#1 C:\xampp\htdocs\tiarahalalindonesia\system\Database\BaseConnection.php(573): CodeIgniter\Database\BaseConnection->initialize()
#2 C:\xampp\htdocs\tiarahalalindonesia\app\Models\KonfigurasiModel.php(68): CodeIgniter\Database\BaseConnection->query('SELECT * FROM s...')
#3 C:\xampp\htdocs\tiarahalalindonesia\app\Controllers\Home.php(21): App\Models\KonfigurasiModel->getSlider()
#4 C:\xampp\htdocs\tiarahalalindonesia\system\CodeIgniter.php(934): App\Controllers\Home->index()
#5 C:\xampp\htdocs\tiarahalalindonesia\system\CodeIgniter.php(499): CodeIgniter\CodeIgniter->runController(Object(App\Controllers\Home))
#6 C:\xampp\htdocs\tiarahalalindonesia\system\CodeIgniter.php(368): CodeIgniter\CodeIgniter->handleRequest(NULL, Object(Config\Cache), false)
#7 C:\xampp\htdocs\tiarahalalindonesia\public\index.php(67): CodeIgniter\CodeIgniter->run()
#8 C:\xampp\htdocs\tiarahalalindonesia\system\Commands\Server\rewrite.php(47): require_once('C:\\xampp\\htdocs...')
#9 {main}
CRITICAL - 2023-03-01 06:21:19 --> Unable to connect to the database.
Main connection [MySQLi]: No connection could be made because the target machine actively refused it
in SYSTEMPATH\Database\BaseConnection.php on line 427.
 1 SYSTEMPATH\Database\BaseConnection.php(573): CodeIgniter\Database\BaseConnection->initialize()
 2 APPPATH\Models\KonfigurasiModel.php(68): CodeIgniter\Database\BaseConnection->query('SELECT * FROM slider WHERE `status`=1 ORDER BY no_urut ASC')
 3 APPPATH\Controllers\Home.php(21): App\Models\KonfigurasiModel->getSlider()
 4 SYSTEMPATH\CodeIgniter.php(934): App\Controllers\Home->index()
 5 SYSTEMPATH\CodeIgniter.php(499): CodeIgniter\CodeIgniter->runController(Object(App\Controllers\Home))
 6 SYSTEMPATH\CodeIgniter.php(368): CodeIgniter\CodeIgniter->handleRequest(null, Object(Config\Cache), false)
 7 FCPATH\index.php(67): CodeIgniter\CodeIgniter->run()
 8 SYSTEMPATH\Commands\Server\rewrite.php(47): require_once('FCPATH\\index.php')
