CRITICAL - 2023-04-15 00:00:49 --> Attempt to read property "nama" on null
in APPPATH\Views\home\produk_kategori.php on line 13.
 1 APPPATH\Views\home\produk_kategori.php(13): CodeIgniter\Debug\Exceptions->errorHandler(2, 'Attempt to read property "nama" on null', 'APPPATH\\Views\\home\\produk_kategori.php', 13)
 2 SYSTEMPATH\View\View.php(213): include('APPPATH\\Views\\home\\produk_kategori.php')
 3 SYSTEMPATH\View\View.php(216): CodeIgniter\View\View->CodeIgniter\View\{closure}()
 4 SYSTEMPATH\Common.php(1177): CodeIgniter\View\View->render('home/produk_kategori', [], true)
 5 APPPATH\Views\template-front\template.php(4): view('home/produk_kategori')
 6 SYSTEMPATH\View\View.php(213): include('APPPATH\\Views\\template-front\\template.php')
 7 SYSTEMPATH\View\View.php(216): CodeIgniter\View\View->CodeIgniter\View\{closure}()
 8 SYSTEMPATH\Common.php(1177): CodeIgniter\View\View->render('template-front/template', [], true)
 9 APPPATH\Controllers\Home.php(139): view('template-front/template', [...])
10 SYSTEMPATH\CodeIgniter.php(934): App\Controllers\Home->produk_kategori('images', 'background', 'pattern-7.png')
11 SYSTEMPATH\CodeIgniter.php(499): CodeIgniter\CodeIgniter->runController(Object(App\Controllers\Home))
12 SYSTEMPATH\CodeIgniter.php(368): CodeIgniter\CodeIgniter->handleRequest(null, Object(Config\Cache), false)
13 FCPATH\index.php(67): CodeIgniter\CodeIgniter->run()
14 SYSTEMPATH\Commands\Server\rewrite.php(47): require_once('FCPATH\\index.php')
CRITICAL - 2023-04-15 00:00:49 --> Attempt to read property "nama" on null
in APPPATH\Views\home\produk_kategori.php on line 13.
 1 APPPATH\Views\home\produk_kategori.php(13): CodeIgniter\Debug\Exceptions->errorHandler(2, 'Attempt to read property "nama" on null', 'APPPATH\\Views\\home\\produk_kategori.php', 13)
 2 SYSTEMPATH\View\View.php(213): include('APPPATH\\Views\\home\\produk_kategori.php')
 3 SYSTEMPATH\View\View.php(216): CodeIgniter\View\View->CodeIgniter\View\{closure}()
 4 SYSTEMPATH\Common.php(1177): CodeIgniter\View\View->render('home/produk_kategori', [], true)
 5 APPPATH\Views\template-front\template.php(4): view('home/produk_kategori')
 6 SYSTEMPATH\View\View.php(213): include('APPPATH\\Views\\template-front\\template.php')
 7 SYSTEMPATH\View\View.php(216): CodeIgniter\View\View->CodeIgniter\View\{closure}()
 8 SYSTEMPATH\Common.php(1177): CodeIgniter\View\View->render('template-front/template', [], true)
 9 APPPATH\Controllers\Home.php(139): view('template-front/template', [...])
10 SYSTEMPATH\CodeIgniter.php(934): App\Controllers\Home->produk_kategori('images', 'background', 'pattern-8.png')
11 SYSTEMPATH\CodeIgniter.php(499): CodeIgniter\CodeIgniter->runController(Object(App\Controllers\Home))
12 SYSTEMPATH\CodeIgniter.php(368): CodeIgniter\CodeIgniter->handleRequest(null, Object(Config\Cache), false)
13 FCPATH\index.php(67): CodeIgniter\CodeIgniter->run()
14 SYSTEMPATH\Commands\Server\rewrite.php(47): require_once('FCPATH\\index.php')
CRITICAL - 2023-04-15 00:01:15 --> Attempt to read property "nama" on null
in APPPATH\Views\home\produk_kategori.php on line 10.
 1 APPPATH\Views\home\produk_kategori.php(10): CodeIgniter\Debug\Exceptions->errorHandler(2, 'Attempt to read property "nama" on null', 'APPPATH\\Views\\home\\produk_kategori.php', 10)
 2 SYSTEMPATH\View\View.php(213): include('APPPATH\\Views\\home\\produk_kategori.php')
 3 SYSTEMPATH\View\View.php(216): CodeIgniter\View\View->CodeIgniter\View\{closure}()
 4 SYSTEMPATH\Common.php(1177): CodeIgniter\View\View->render('home/produk_kategori', [], true)
 5 APPPATH\Views\template-front\template.php(4): view('home/produk_kategori')
 6 SYSTEMPATH\View\View.php(213): include('APPPATH\\Views\\template-front\\template.php')
 7 SYSTEMPATH\View\View.php(216): CodeIgniter\View\View->CodeIgniter\View\{closure}()
 8 SYSTEMPATH\Common.php(1177): CodeIgniter\View\View->render('template-front/template', [], true)
 9 APPPATH\Controllers\Home.php(139): view('template-front/template', [...])
10 SYSTEMPATH\CodeIgniter.php(934): App\Controllers\Home->produk_kategori('images', 'background', 'pattern-7.png')
11 SYSTEMPATH\CodeIgniter.php(499): CodeIgniter\CodeIgniter->runController(Object(App\Controllers\Home))
12 SYSTEMPATH\CodeIgniter.php(368): CodeIgniter\CodeIgniter->handleRequest(null, Object(Config\Cache), false)
13 FCPATH\index.php(67): CodeIgniter\CodeIgniter->run()
14 SYSTEMPATH\Commands\Server\rewrite.php(47): require_once('FCPATH\\index.php')
CRITICAL - 2023-04-15 00:01:15 --> Attempt to read property "nama" on null
in APPPATH\Views\home\produk_kategori.php on line 10.
 1 APPPATH\Views\home\produk_kategori.php(10): CodeIgniter\Debug\Exceptions->errorHandler(2, 'Attempt to read property "nama" on null', 'APPPATH\\Views\\home\\produk_kategori.php', 10)
 2 SYSTEMPATH\View\View.php(213): include('APPPATH\\Views\\home\\produk_kategori.php')
 3 SYSTEMPATH\View\View.php(216): CodeIgniter\View\View->CodeIgniter\View\{closure}()
 4 SYSTEMPATH\Common.php(1177): CodeIgniter\View\View->render('home/produk_kategori', [], true)
 5 APPPATH\Views\template-front\template.php(4): view('home/produk_kategori')
 6 SYSTEMPATH\View\View.php(213): include('APPPATH\\Views\\template-front\\template.php')
 7 SYSTEMPATH\View\View.php(216): CodeIgniter\View\View->CodeIgniter\View\{closure}()
 8 SYSTEMPATH\Common.php(1177): CodeIgniter\View\View->render('template-front/template', [], true)
 9 APPPATH\Controllers\Home.php(139): view('template-front/template', [...])
10 SYSTEMPATH\CodeIgniter.php(934): App\Controllers\Home->produk_kategori('images', 'background', 'pattern-8.png')
11 SYSTEMPATH\CodeIgniter.php(499): CodeIgniter\CodeIgniter->runController(Object(App\Controllers\Home))
12 SYSTEMPATH\CodeIgniter.php(368): CodeIgniter\CodeIgniter->handleRequest(null, Object(Config\Cache), false)
13 FCPATH\index.php(67): CodeIgniter\CodeIgniter->run()
14 SYSTEMPATH\Commands\Server\rewrite.php(47): require_once('FCPATH\\index.php')
CRITICAL - 2023-04-15 00:01:32 --> Undefined array key 0
in APPPATH\Controllers\Home.php on line 122.
 1 APPPATH\Controllers\Home.php(122): CodeIgniter\Debug\Exceptions->errorHandler(2, 'Undefined array key 0', 'APPPATH\\Controllers\\Home.php', 122)
 2 SYSTEMPATH\CodeIgniter.php(934): App\Controllers\Home->produk('images', 'background', 'pattern-7.png')
 3 SYSTEMPATH\CodeIgniter.php(499): CodeIgniter\CodeIgniter->runController(Object(App\Controllers\Home))
 4 SYSTEMPATH\CodeIgniter.php(368): CodeIgniter\CodeIgniter->handleRequest(null, Object(Config\Cache), false)
 5 FCPATH\index.php(67): CodeIgniter\CodeIgniter->run()
 6 SYSTEMPATH\Commands\Server\rewrite.php(47): require_once('FCPATH\\index.php')
CRITICAL - 2023-04-15 00:01:32 --> Undefined array key 0
in APPPATH\Controllers\Home.php on line 122.
 1 APPPATH\Controllers\Home.php(122): CodeIgniter\Debug\Exceptions->errorHandler(2, 'Undefined array key 0', 'APPPATH\\Controllers\\Home.php', 122)
 2 SYSTEMPATH\CodeIgniter.php(934): App\Controllers\Home->produk('images', 'background', 'pattern-8.png')
 3 SYSTEMPATH\CodeIgniter.php(499): CodeIgniter\CodeIgniter->runController(Object(App\Controllers\Home))
 4 SYSTEMPATH\CodeIgniter.php(368): CodeIgniter\CodeIgniter->handleRequest(null, Object(Config\Cache), false)
 5 FCPATH\index.php(67): CodeIgniter\CodeIgniter->run()
 6 SYSTEMPATH\Commands\Server\rewrite.php(47): require_once('FCPATH\\index.php')
CRITICAL - 2023-04-15 00:01:59 --> Undefined array key 0
in APPPATH\Controllers\Home.php on line 122.
 1 APPPATH\Controllers\Home.php(122): CodeIgniter\Debug\Exceptions->errorHandler(2, 'Undefined array key 0', 'APPPATH\\Controllers\\Home.php', 122)
 2 SYSTEMPATH\CodeIgniter.php(934): App\Controllers\Home->produk('images', 'background', 'pattern-7.png')
 3 SYSTEMPATH\CodeIgniter.php(499): CodeIgniter\CodeIgniter->runController(Object(App\Controllers\Home))
 4 SYSTEMPATH\CodeIgniter.php(368): CodeIgniter\CodeIgniter->handleRequest(null, Object(Config\Cache), false)
 5 FCPATH\index.php(67): CodeIgniter\CodeIgniter->run()
 6 SYSTEMPATH\Commands\Server\rewrite.php(47): require_once('FCPATH\\index.php')
CRITICAL - 2023-04-15 00:01:59 --> Undefined array key 0
in APPPATH\Controllers\Home.php on line 122.
 1 APPPATH\Controllers\Home.php(122): CodeIgniter\Debug\Exceptions->errorHandler(2, 'Undefined array key 0', 'APPPATH\\Controllers\\Home.php', 122)
 2 SYSTEMPATH\CodeIgniter.php(934): App\Controllers\Home->produk('images', 'background', 'pattern-8.png')
 3 SYSTEMPATH\CodeIgniter.php(499): CodeIgniter\CodeIgniter->runController(Object(App\Controllers\Home))
 4 SYSTEMPATH\CodeIgniter.php(368): CodeIgniter\CodeIgniter->handleRequest(null, Object(Config\Cache), false)
 5 FCPATH\index.php(67): CodeIgniter\CodeIgniter->run()
 6 SYSTEMPATH\Commands\Server\rewrite.php(47): require_once('FCPATH\\index.php')
CRITICAL - 2023-04-15 00:07:48 --> Undefined property: stdClass::$photo_url
in APPPATH\Views\template-front\footer.php on line 19.
 1 APPPATH\Views\template-front\footer.php(19): CodeIgniter\Debug\Exceptions->errorHandler(2, 'Undefined property: stdClass::$photo_url', 'APPPATH\\Views\\template-front\\footer.php', 19)
 2 SYSTEMPATH\View\View.php(213): include('APPPATH\\Views\\template-front\\footer.php')
 3 SYSTEMPATH\View\View.php(216): CodeIgniter\View\View->CodeIgniter\View\{closure}()
 4 SYSTEMPATH\Common.php(1177): CodeIgniter\View\View->render('template-front/footer.php', [], true)
 5 APPPATH\Views\template-front\template.php(5): view('template-front/footer.php')
 6 SYSTEMPATH\View\View.php(213): include('APPPATH\\Views\\template-front\\template.php')
 7 SYSTEMPATH\View\View.php(216): CodeIgniter\View\View->CodeIgniter\View\{closure}()
 8 SYSTEMPATH\Common.php(1177): CodeIgniter\View\View->render('template-front/template', [], true)
 9 APPPATH\Controllers\Home.php(73): view('template-front/template', [...])
10 SYSTEMPATH\CodeIgniter.php(934): App\Controllers\Home->portfolio()
11 SYSTEMPATH\CodeIgniter.php(499): CodeIgniter\CodeIgniter->runController(Object(App\Controllers\Home))
12 SYSTEMPATH\CodeIgniter.php(368): CodeIgniter\CodeIgniter->handleRequest(null, Object(Config\Cache), false)
13 FCPATH\index.php(67): CodeIgniter\CodeIgniter->run()
14 SYSTEMPATH\Commands\Server\rewrite.php(47): require_once('FCPATH\\index.php')
