INFO - 2023-02-09 06:49:12 --> Session: Class initialized using 'CodeIgniter\Session\Handlers\FileHandler' driver.
INFO - 2023-02-09 06:49:29 --> Session: Class initialized using 'CodeIgniter\Session\Handlers\FileHandler' driver.
INFO - 2023-02-09 06:50:06 --> Session: Class initialized using 'CodeIgniter\Session\Handlers\FileHandler' driver.
INFO - 2023-02-09 06:57:17 --> Session: Class initialized using 'CodeIgniter\Session\Handlers\FileHandler' driver.
INFO - 2023-02-09 06:59:20 --> Session: Class initialized using 'CodeIgniter\Session\Handlers\FileHandler' driver.
INFO - 2023-02-09 06:59:34 --> Session: Class initialized using 'CodeIgniter\Session\Handlers\FileHandler' driver.
CRITICAL - 2023-02-09 06:59:34 --> Undefined property: stdClass::$nama
in APPPATH\Controllers\Cms.php on line 61.
 1 APPPATH\Controllers\Cms.php(61): CodeIgniter\Debug\Exceptions->errorHandler(2, 'Undefined property: stdClass::$nama', 'APPPATH\\Controllers\\Cms.php', 61)
 2 SYSTEMPATH\CodeIgniter.php(934): App\Controllers\Cms->produk_unggulan_()
 3 SYSTEMPATH\CodeIgniter.php(499): CodeIgniter\CodeIgniter->runController(Object(App\Controllers\Cms))
 4 SYSTEMPATH\CodeIgniter.php(368): CodeIgniter\CodeIgniter->handleRequest(null, Object(Config\Cache), false)
 5 FCPATH\index.php(67): CodeIgniter\CodeIgniter->run()
 6 SYSTEMPATH\Commands\Server\rewrite.php(47): require_once('FCPATH\\index.php')
INFO - 2023-02-09 07:00:06 --> Session: Class initialized using 'CodeIgniter\Session\Handlers\FileHandler' driver.
INFO - 2023-02-09 00:00:08 --> CSRF token verified.
CRITICAL - 2023-02-09 07:00:08 --> Undefined property: stdClass::$nama
in APPPATH\Controllers\Cms.php on line 65.
 1 APPPATH\Controllers\Cms.php(65): CodeIgniter\Debug\Exceptions->errorHandler(2, 'Undefined property: stdClass::$nama', 'APPPATH\\Controllers\\Cms.php', 65)
 2 SYSTEMPATH\CodeIgniter.php(934): App\Controllers\Cms->produk_unggulan_()
 3 SYSTEMPATH\CodeIgniter.php(499): CodeIgniter\CodeIgniter->runController(Object(App\Controllers\Cms))
 4 SYSTEMPATH\CodeIgniter.php(368): CodeIgniter\CodeIgniter->handleRequest(null, Object(Config\Cache), false)
 5 FCPATH\index.php(67): CodeIgniter\CodeIgniter->run()
 6 SYSTEMPATH\Commands\Server\rewrite.php(47): require_once('FCPATH\\index.php')
INFO - 2023-02-09 07:00:25 --> Session: Class initialized using 'CodeIgniter\Session\Handlers\FileHandler' driver.
INFO - 2023-02-09 00:00:27 --> CSRF token verified.
INFO - 2023-02-09 07:01:55 --> Session: Class initialized using 'CodeIgniter\Session\Handlers\FileHandler' driver.
INFO - 2023-02-09 00:01:57 --> CSRF token verified.
INFO - 2023-02-09 07:03:47 --> Session: Class initialized using 'CodeIgniter\Session\Handlers\FileHandler' driver.
INFO - 2023-02-09 00:03:48 --> CSRF token verified.
INFO - 2023-02-09 00:03:59 --> CSRF token verified.
INFO - 2023-02-09 07:03:59 --> Session: Class initialized using 'CodeIgniter\Session\Handlers\FileHandler' driver.
INFO - 2023-02-09 00:03:59 --> CSRF token verified.
INFO - 2023-02-09 07:04:57 --> Session: Class initialized using 'CodeIgniter\Session\Handlers\FileHandler' driver.
INFO - 2023-02-09 00:04:58 --> CSRF token verified.
INFO - 2023-02-09 07:13:37 --> Session: Class initialized using 'CodeIgniter\Session\Handlers\FileHandler' driver.
INFO - 2023-02-09 00:13:37 --> CSRF token verified.
INFO - 2023-02-09 07:13:38 --> Session: Class initialized using 'CodeIgniter\Session\Handlers\FileHandler' driver.
INFO - 2023-02-09 00:13:39 --> CSRF token verified.
INFO - 2023-02-09 00:13:59 --> CSRF token verified.
ERROR - 2023-02-09 07:13:59 --> mysqli_sql_exception: Column 'deskripsi' in where clause is ambiguous in C:\xampp\htdocs\tiarahalalindonesia\system\Database\MySQLi\Connection.php:295
Stack trace:
#0 C:\xampp\htdocs\tiarahalalindonesia\system\Database\MySQLi\Connection.php(295): mysqli->query('SELECT `produk_...', 0)
#1 C:\xampp\htdocs\tiarahalalindonesia\system\Database\BaseConnection.php(691): CodeIgniter\Database\MySQLi\Connection->execute('SELECT `produk_...')
#2 C:\xampp\htdocs\tiarahalalindonesia\system\Database\BaseConnection.php(605): CodeIgniter\Database\BaseConnection->simpleQuery('SELECT `produk_...')
#3 C:\xampp\htdocs\tiarahalalindonesia\system\Database\BaseBuilder.php(1602): CodeIgniter\Database\BaseConnection->query('SELECT `produk_...', Array, false)
#4 C:\xampp\htdocs\tiarahalalindonesia\app\Models\ServerSideModel.php(79): CodeIgniter\Database\BaseBuilder->get()
#5 C:\xampp\htdocs\tiarahalalindonesia\app\Controllers\Cms.php(50): App\Models\ServerSideModel->limitRows('produk_unggulan', 'produk_unggulan...', Array, Array, Array, Array)
#6 C:\xampp\htdocs\tiarahalalindonesia\system\CodeIgniter.php(934): App\Controllers\Cms->produk_unggulan_()
#7 C:\xampp\htdocs\tiarahalalindonesia\system\CodeIgniter.php(499): CodeIgniter\CodeIgniter->runController(Object(App\Controllers\Cms))
#8 C:\xampp\htdocs\tiarahalalindonesia\system\CodeIgniter.php(368): CodeIgniter\CodeIgniter->handleRequest(NULL, Object(Config\Cache), false)
#9 C:\xampp\htdocs\tiarahalalindonesia\public\index.php(67): CodeIgniter\CodeIgniter->run()
#10 C:\xampp\htdocs\tiarahalalindonesia\system\Commands\Server\rewrite.php(47): require_once('C:\\xampp\\htdocs...')
#11 {main}
CRITICAL - 2023-02-09 07:13:59 --> Column 'deskripsi' in where clause is ambiguous
in SYSTEMPATH\Database\BaseConnection.php on line 645.
 1 SYSTEMPATH\Database\BaseBuilder.php(1602): CodeIgniter\Database\BaseConnection->query('SELECT `produk_unggulan`.*, `merek_dagang`.`nama` as `merek`
FROM `produk_unggulan`
JOIN `merek_dagang` ON `merek_dagang`.`id` = `produk_unggulan`.`id_merek_dagang`
WHERE   (
`nama` LIKE :nama: ESCAPE \'!\'
OR  `deskripsi` LIKE :deskripsi: ESCAPE \'!\'
 )
ORDER BY `nama` ASC
 LIMIT 25', [...], false)
 2 APPPATH\Models\ServerSideModel.php(79): CodeIgniter\Database\BaseBuilder->get()
 3 APPPATH\Controllers\Cms.php(50): App\Models\ServerSideModel->limitRows('produk_unggulan', 'produk_unggulan.*, merek_dagang.nama as merek', [...], [...], [...], [...])
 4 SYSTEMPATH\CodeIgniter.php(934): App\Controllers\Cms->produk_unggulan_()
 5 SYSTEMPATH\CodeIgniter.php(499): CodeIgniter\CodeIgniter->runController(Object(App\Controllers\Cms))
 6 SYSTEMPATH\CodeIgniter.php(368): CodeIgniter\CodeIgniter->handleRequest(null, Object(Config\Cache), false)
 7 FCPATH\index.php(67): CodeIgniter\CodeIgniter->run()
 8 SYSTEMPATH\Commands\Server\rewrite.php(47): require_once('FCPATH\\index.php')
INFO - 2023-02-09 00:14:01 --> CSRF token verified.
ERROR - 2023-02-09 07:14:01 --> mysqli_sql_exception: Column 'deskripsi' in where clause is ambiguous in C:\xampp\htdocs\tiarahalalindonesia\system\Database\MySQLi\Connection.php:295
Stack trace:
#0 C:\xampp\htdocs\tiarahalalindonesia\system\Database\MySQLi\Connection.php(295): mysqli->query('SELECT `produk_...', 0)
#1 C:\xampp\htdocs\tiarahalalindonesia\system\Database\BaseConnection.php(691): CodeIgniter\Database\MySQLi\Connection->execute('SELECT `produk_...')
#2 C:\xampp\htdocs\tiarahalalindonesia\system\Database\BaseConnection.php(605): CodeIgniter\Database\BaseConnection->simpleQuery('SELECT `produk_...')
#3 C:\xampp\htdocs\tiarahalalindonesia\system\Database\BaseBuilder.php(1602): CodeIgniter\Database\BaseConnection->query('SELECT `produk_...', Array, false)
#4 C:\xampp\htdocs\tiarahalalindonesia\app\Models\ServerSideModel.php(79): CodeIgniter\Database\BaseBuilder->get()
#5 C:\xampp\htdocs\tiarahalalindonesia\app\Controllers\Cms.php(50): App\Models\ServerSideModel->limitRows('produk_unggulan', 'produk_unggulan...', Array, Array, Array, Array)
#6 C:\xampp\htdocs\tiarahalalindonesia\system\CodeIgniter.php(934): App\Controllers\Cms->produk_unggulan_()
#7 C:\xampp\htdocs\tiarahalalindonesia\system\CodeIgniter.php(499): CodeIgniter\CodeIgniter->runController(Object(App\Controllers\Cms))
#8 C:\xampp\htdocs\tiarahalalindonesia\system\CodeIgniter.php(368): CodeIgniter\CodeIgniter->handleRequest(NULL, Object(Config\Cache), false)
#9 C:\xampp\htdocs\tiarahalalindonesia\public\index.php(67): CodeIgniter\CodeIgniter->run()
#10 C:\xampp\htdocs\tiarahalalindonesia\system\Commands\Server\rewrite.php(47): require_once('C:\\xampp\\htdocs...')
#11 {main}
CRITICAL - 2023-02-09 07:14:01 --> Column 'deskripsi' in where clause is ambiguous
in SYSTEMPATH\Database\BaseConnection.php on line 645.
 1 SYSTEMPATH\Database\BaseBuilder.php(1602): CodeIgniter\Database\BaseConnection->query('SELECT `produk_unggulan`.*, `merek_dagang`.`nama` as `merek`
FROM `produk_unggulan`
JOIN `merek_dagang` ON `merek_dagang`.`id` = `produk_unggulan`.`id_merek_dagang`
WHERE   (
`nama` LIKE :nama: ESCAPE \'!\'
OR  `deskripsi` LIKE :deskripsi: ESCAPE \'!\'
 )
ORDER BY `nama` ASC
 LIMIT 25', [...], false)
 2 APPPATH\Models\ServerSideModel.php(79): CodeIgniter\Database\BaseBuilder->get()
 3 APPPATH\Controllers\Cms.php(50): App\Models\ServerSideModel->limitRows('produk_unggulan', 'produk_unggulan.*, merek_dagang.nama as merek', [...], [...], [...], [...])
 4 SYSTEMPATH\CodeIgniter.php(934): App\Controllers\Cms->produk_unggulan_()
 5 SYSTEMPATH\CodeIgniter.php(499): CodeIgniter\CodeIgniter->runController(Object(App\Controllers\Cms))
 6 SYSTEMPATH\CodeIgniter.php(368): CodeIgniter\CodeIgniter->handleRequest(null, Object(Config\Cache), false)
 7 FCPATH\index.php(67): CodeIgniter\CodeIgniter->run()
 8 SYSTEMPATH\Commands\Server\rewrite.php(47): require_once('FCPATH\\index.php')
INFO - 2023-02-09 00:14:10 --> CSRF token verified.
ERROR - 2023-02-09 07:14:11 --> mysqli_sql_exception: Column 'deskripsi' in where clause is ambiguous in C:\xampp\htdocs\tiarahalalindonesia\system\Database\MySQLi\Connection.php:295
Stack trace:
#0 C:\xampp\htdocs\tiarahalalindonesia\system\Database\MySQLi\Connection.php(295): mysqli->query('SELECT `produk_...', 0)
#1 C:\xampp\htdocs\tiarahalalindonesia\system\Database\BaseConnection.php(691): CodeIgniter\Database\MySQLi\Connection->execute('SELECT `produk_...')
#2 C:\xampp\htdocs\tiarahalalindonesia\system\Database\BaseConnection.php(605): CodeIgniter\Database\BaseConnection->simpleQuery('SELECT `produk_...')
#3 C:\xampp\htdocs\tiarahalalindonesia\system\Database\BaseBuilder.php(1602): CodeIgniter\Database\BaseConnection->query('SELECT `produk_...', Array, false)
#4 C:\xampp\htdocs\tiarahalalindonesia\app\Models\ServerSideModel.php(79): CodeIgniter\Database\BaseBuilder->get()
#5 C:\xampp\htdocs\tiarahalalindonesia\app\Controllers\Cms.php(50): App\Models\ServerSideModel->limitRows('produk_unggulan', 'produk_unggulan...', Array, Array, Array, Array)
#6 C:\xampp\htdocs\tiarahalalindonesia\system\CodeIgniter.php(934): App\Controllers\Cms->produk_unggulan_()
#7 C:\xampp\htdocs\tiarahalalindonesia\system\CodeIgniter.php(499): CodeIgniter\CodeIgniter->runController(Object(App\Controllers\Cms))
#8 C:\xampp\htdocs\tiarahalalindonesia\system\CodeIgniter.php(368): CodeIgniter\CodeIgniter->handleRequest(NULL, Object(Config\Cache), false)
#9 C:\xampp\htdocs\tiarahalalindonesia\public\index.php(67): CodeIgniter\CodeIgniter->run()
#10 C:\xampp\htdocs\tiarahalalindonesia\system\Commands\Server\rewrite.php(47): require_once('C:\\xampp\\htdocs...')
#11 {main}
CRITICAL - 2023-02-09 07:14:11 --> Column 'deskripsi' in where clause is ambiguous
in SYSTEMPATH\Database\BaseConnection.php on line 645.
 1 SYSTEMPATH\Database\BaseBuilder.php(1602): CodeIgniter\Database\BaseConnection->query('SELECT `produk_unggulan`.*, `merek_dagang`.`nama` as `merek`
FROM `produk_unggulan`
JOIN `merek_dagang` ON `merek_dagang`.`id` = `produk_unggulan`.`id_merek_dagang`
WHERE   (
`nama` LIKE :nama: ESCAPE \'!\'
OR  `deskripsi` LIKE :deskripsi: ESCAPE \'!\'
 )
ORDER BY `nama` ASC
 LIMIT 25', [...], false)
 2 APPPATH\Models\ServerSideModel.php(79): CodeIgniter\Database\BaseBuilder->get()
 3 APPPATH\Controllers\Cms.php(50): App\Models\ServerSideModel->limitRows('produk_unggulan', 'produk_unggulan.*, merek_dagang.nama as merek', [...], [...], [...], [...])
 4 SYSTEMPATH\CodeIgniter.php(934): App\Controllers\Cms->produk_unggulan_()
 5 SYSTEMPATH\CodeIgniter.php(499): CodeIgniter\CodeIgniter->runController(Object(App\Controllers\Cms))
 6 SYSTEMPATH\CodeIgniter.php(368): CodeIgniter\CodeIgniter->handleRequest(null, Object(Config\Cache), false)
 7 FCPATH\index.php(67): CodeIgniter\CodeIgniter->run()
 8 SYSTEMPATH\Commands\Server\rewrite.php(47): require_once('FCPATH\\index.php')
INFO - 2023-02-09 07:14:39 --> Session: Class initialized using 'CodeIgniter\Session\Handlers\FileHandler' driver.
INFO - 2023-02-09 00:14:41 --> CSRF token verified.
INFO - 2023-02-09 00:14:42 --> CSRF token verified.
ERROR - 2023-02-09 07:14:42 --> mysqli_sql_exception: Column 'deskripsi' in where clause is ambiguous in C:\xampp\htdocs\tiarahalalindonesia\system\Database\MySQLi\Connection.php:295
Stack trace:
#0 C:\xampp\htdocs\tiarahalalindonesia\system\Database\MySQLi\Connection.php(295): mysqli->query('SELECT `produk_...', 0)
#1 C:\xampp\htdocs\tiarahalalindonesia\system\Database\BaseConnection.php(691): CodeIgniter\Database\MySQLi\Connection->execute('SELECT `produk_...')
#2 C:\xampp\htdocs\tiarahalalindonesia\system\Database\BaseConnection.php(605): CodeIgniter\Database\BaseConnection->simpleQuery('SELECT `produk_...')
#3 C:\xampp\htdocs\tiarahalalindonesia\system\Database\BaseBuilder.php(1602): CodeIgniter\Database\BaseConnection->query('SELECT `produk_...', Array, false)
#4 C:\xampp\htdocs\tiarahalalindonesia\app\Models\ServerSideModel.php(79): CodeIgniter\Database\BaseBuilder->get()
#5 C:\xampp\htdocs\tiarahalalindonesia\app\Controllers\Cms.php(50): App\Models\ServerSideModel->limitRows('produk_unggulan', 'produk_unggulan...', Array, Array, Array, Array)
#6 C:\xampp\htdocs\tiarahalalindonesia\system\CodeIgniter.php(934): App\Controllers\Cms->produk_unggulan_()
#7 C:\xampp\htdocs\tiarahalalindonesia\system\CodeIgniter.php(499): CodeIgniter\CodeIgniter->runController(Object(App\Controllers\Cms))
#8 C:\xampp\htdocs\tiarahalalindonesia\system\CodeIgniter.php(368): CodeIgniter\CodeIgniter->handleRequest(NULL, Object(Config\Cache), false)
#9 C:\xampp\htdocs\tiarahalalindonesia\public\index.php(67): CodeIgniter\CodeIgniter->run()
#10 C:\xampp\htdocs\tiarahalalindonesia\system\Commands\Server\rewrite.php(47): require_once('C:\\xampp\\htdocs...')
#11 {main}
CRITICAL - 2023-02-09 07:14:42 --> Column 'deskripsi' in where clause is ambiguous
in SYSTEMPATH\Database\BaseConnection.php on line 645.
 1 SYSTEMPATH\Database\BaseBuilder.php(1602): CodeIgniter\Database\BaseConnection->query('SELECT `produk_unggulan`.*, `merek_dagang`.`nama` as `merek`
FROM `produk_unggulan`
JOIN `merek_dagang` ON `merek_dagang`.`id` = `produk_unggulan`.`id_merek_dagang`
WHERE   (
`nama` LIKE :nama: ESCAPE \'!\'
OR  `deskripsi` LIKE :deskripsi: ESCAPE \'!\'
 )
ORDER BY `nama` ASC
 LIMIT 25', [...], false)
 2 APPPATH\Models\ServerSideModel.php(79): CodeIgniter\Database\BaseBuilder->get()
 3 APPPATH\Controllers\Cms.php(50): App\Models\ServerSideModel->limitRows('produk_unggulan', 'produk_unggulan.*, merek_dagang.nama as merek', [...], [...], [...], [...])
 4 SYSTEMPATH\CodeIgniter.php(934): App\Controllers\Cms->produk_unggulan_()
 5 SYSTEMPATH\CodeIgniter.php(499): CodeIgniter\CodeIgniter->runController(Object(App\Controllers\Cms))
 6 SYSTEMPATH\CodeIgniter.php(368): CodeIgniter\CodeIgniter->handleRequest(null, Object(Config\Cache), false)
 7 FCPATH\index.php(67): CodeIgniter\CodeIgniter->run()
 8 SYSTEMPATH\Commands\Server\rewrite.php(47): require_once('FCPATH\\index.php')
INFO - 2023-02-09 07:14:54 --> Session: Class initialized using 'CodeIgniter\Session\Handlers\FileHandler' driver.
INFO - 2023-02-09 00:14:56 --> CSRF token verified.
INFO - 2023-02-09 00:14:57 --> CSRF token verified.
INFO - 2023-02-09 00:14:58 --> CSRF token verified.
INFO - 2023-02-09 00:14:59 --> CSRF token verified.
INFO - 2023-02-09 00:15:00 --> CSRF token verified.
INFO - 2023-02-09 00:15:00 --> CSRF token verified.
INFO - 2023-02-09 07:15:59 --> Session: Class initialized using 'CodeIgniter\Session\Handlers\FileHandler' driver.
INFO - 2023-02-09 00:16:01 --> CSRF token verified.
INFO - 2023-02-09 07:16:35 --> Session: Class initialized using 'CodeIgniter\Session\Handlers\FileHandler' driver.
INFO - 2023-02-09 00:16:36 --> CSRF token verified.
INFO - 2023-02-09 07:16:39 --> Session: Class initialized using 'CodeIgniter\Session\Handlers\FileHandler' driver.
INFO - 2023-02-09 00:16:40 --> CSRF token verified.
INFO - 2023-02-09 03:06:52 --> Session: Class initialized using 'CodeIgniter\Session\Handlers\FileHandler' driver.
INFO - 2023-02-09 03:06:55 --> CSRF token verified.
INFO - 2023-02-09 03:06:55 --> Session: Class initialized using 'CodeIgniter\Session\Handlers\FileHandler' driver.
INFO - 2023-02-09 10:06:55 --> Session: Class initialized using 'CodeIgniter\Session\Handlers\FileHandler' driver.
INFO - 2023-02-09 10:07:00 --> Session: Class initialized using 'CodeIgniter\Session\Handlers\FileHandler' driver.
INFO - 2023-02-09 03:07:01 --> CSRF token verified.
INFO - 2023-02-09 03:13:42 --> Session: Class initialized using 'CodeIgniter\Session\Handlers\FileHandler' driver.
INFO - 2023-02-09 10:13:43 --> Session: Class initialized using 'CodeIgniter\Session\Handlers\FileHandler' driver.
INFO - 2023-02-09 10:13:45 --> Session: Class initialized using 'CodeIgniter\Session\Handlers\FileHandler' driver.
INFO - 2023-02-09 03:13:46 --> CSRF token verified.
INFO - 2023-02-09 10:13:50 --> Session: Class initialized using 'CodeIgniter\Session\Handlers\FileHandler' driver.
INFO - 2023-02-09 03:13:51 --> CSRF token verified.
INFO - 2023-02-09 10:13:54 --> Session: Class initialized using 'CodeIgniter\Session\Handlers\FileHandler' driver.
INFO - 2023-02-09 03:13:56 --> CSRF token verified.
INFO - 2023-02-09 10:14:00 --> Session: Class initialized using 'CodeIgniter\Session\Handlers\FileHandler' driver.
INFO - 2023-02-09 03:14:02 --> CSRF token verified.
INFO - 2023-02-09 10:14:41 --> Session: Class initialized using 'CodeIgniter\Session\Handlers\FileHandler' driver.
INFO - 2023-02-09 03:14:42 --> CSRF token verified.
INFO - 2023-02-09 10:15:36 --> Session: Class initialized using 'CodeIgniter\Session\Handlers\FileHandler' driver.
INFO - 2023-02-09 03:15:37 --> CSRF token verified.
INFO - 2023-02-09 10:15:52 --> Session: Class initialized using 'CodeIgniter\Session\Handlers\FileHandler' driver.
INFO - 2023-02-09 03:15:54 --> CSRF token verified.
INFO - 2023-02-09 10:16:04 --> Session: Class initialized using 'CodeIgniter\Session\Handlers\FileHandler' driver.
INFO - 2023-02-09 03:16:05 --> CSRF token verified.
INFO - 2023-02-09 10:16:43 --> Session: Class initialized using 'CodeIgniter\Session\Handlers\FileHandler' driver.
INFO - 2023-02-09 03:16:45 --> CSRF token verified.
INFO - 2023-02-09 10:16:51 --> Session: Class initialized using 'CodeIgniter\Session\Handlers\FileHandler' driver.
INFO - 2023-02-09 03:16:53 --> CSRF token verified.
CRITICAL - 2023-02-09 03:17:03 --> "auth" filter must have a matching alias defined.
in SYSTEMPATH\Filters\Filters.php on line 340.
 1 SYSTEMPATH\Filters\Filters.php(340): CodeIgniter\Filters\Exceptions\FilterException::forNoAlias('auth')
 2 SYSTEMPATH\CodeIgniter.php(466): CodeIgniter\Filters\Filters->enableFilter('auth', 'before')
 3 SYSTEMPATH\CodeIgniter.php(368): CodeIgniter\CodeIgniter->handleRequest(null, Object(Config\Cache), false)
 4 FCPATH\index.php(67): CodeIgniter\CodeIgniter->run()
 5 SYSTEMPATH\Commands\Server\rewrite.php(47): require_once('FCPATH\\index.php')
CRITICAL - 2023-02-09 03:18:09 --> "auth" filter must have a matching alias defined.
in SYSTEMPATH\Filters\Filters.php on line 340.
 1 SYSTEMPATH\Filters\Filters.php(340): CodeIgniter\Filters\Exceptions\FilterException::forNoAlias('auth')
 2 SYSTEMPATH\CodeIgniter.php(466): CodeIgniter\Filters\Filters->enableFilter('auth', 'before')
 3 SYSTEMPATH\CodeIgniter.php(368): CodeIgniter\CodeIgniter->handleRequest(null, Object(Config\Cache), false)
 4 FCPATH\index.php(67): CodeIgniter\CodeIgniter->run()
 5 SYSTEMPATH\Commands\Server\rewrite.php(47): require_once('FCPATH\\index.php')
CRITICAL - 2023-02-09 03:18:10 --> "auth" filter must have a matching alias defined.
in SYSTEMPATH\Filters\Filters.php on line 340.
 1 SYSTEMPATH\Filters\Filters.php(340): CodeIgniter\Filters\Exceptions\FilterException::forNoAlias('auth')
 2 SYSTEMPATH\CodeIgniter.php(466): CodeIgniter\Filters\Filters->enableFilter('auth', 'before')
 3 SYSTEMPATH\CodeIgniter.php(368): CodeIgniter\CodeIgniter->handleRequest(null, Object(Config\Cache), false)
 4 FCPATH\index.php(67): CodeIgniter\CodeIgniter->run()
 5 SYSTEMPATH\Commands\Server\rewrite.php(47): require_once('FCPATH\\index.php')
INFO - 2023-02-09 10:18:12 --> Session: Class initialized using 'CodeIgniter\Session\Handlers\FileHandler' driver.
INFO - 2023-02-09 03:18:12 --> CSRF token verified.
CRITICAL - 2023-02-09 03:18:31 --> "auth" filter must have a matching alias defined.
in SYSTEMPATH\Filters\Filters.php on line 340.
 1 SYSTEMPATH\Filters\Filters.php(340): CodeIgniter\Filters\Exceptions\FilterException::forNoAlias('auth')
 2 SYSTEMPATH\CodeIgniter.php(466): CodeIgniter\Filters\Filters->enableFilter('auth', 'before')
 3 SYSTEMPATH\CodeIgniter.php(368): CodeIgniter\CodeIgniter->handleRequest(null, Object(Config\Cache), false)
 4 FCPATH\index.php(67): CodeIgniter\CodeIgniter->run()
 5 SYSTEMPATH\Commands\Server\rewrite.php(47): require_once('FCPATH\\index.php')
CRITICAL - 2023-02-09 03:20:35 --> "auth" filter must have a matching alias defined.
in SYSTEMPATH\Filters\Filters.php on line 340.
 1 SYSTEMPATH\Filters\Filters.php(340): CodeIgniter\Filters\Exceptions\FilterException::forNoAlias('auth')
 2 SYSTEMPATH\CodeIgniter.php(466): CodeIgniter\Filters\Filters->enableFilter('auth', 'before')
 3 SYSTEMPATH\CodeIgniter.php(368): CodeIgniter\CodeIgniter->handleRequest(null, Object(Config\Cache), false)
 4 FCPATH\index.php(67): CodeIgniter\CodeIgniter->run()
 5 SYSTEMPATH\Commands\Server\rewrite.php(47): require_once('FCPATH\\index.php')
CRITICAL - 2023-02-09 03:20:36 --> "auth" filter must have a matching alias defined.
in SYSTEMPATH\Filters\Filters.php on line 340.
 1 SYSTEMPATH\Filters\Filters.php(340): CodeIgniter\Filters\Exceptions\FilterException::forNoAlias('auth')
 2 SYSTEMPATH\CodeIgniter.php(466): CodeIgniter\Filters\Filters->enableFilter('auth', 'before')
 3 SYSTEMPATH\CodeIgniter.php(368): CodeIgniter\CodeIgniter->handleRequest(null, Object(Config\Cache), false)
 4 FCPATH\index.php(67): CodeIgniter\CodeIgniter->run()
 5 SYSTEMPATH\Commands\Server\rewrite.php(47): require_once('FCPATH\\index.php')
INFO - 2023-02-09 10:20:37 --> Session: Class initialized using 'CodeIgniter\Session\Handlers\FileHandler' driver.
INFO - 2023-02-09 03:20:38 --> CSRF token verified.
CRITICAL - 2023-02-09 03:20:42 --> "auth" filter must have a matching alias defined.
in SYSTEMPATH\Filters\Filters.php on line 340.
 1 SYSTEMPATH\Filters\Filters.php(340): CodeIgniter\Filters\Exceptions\FilterException::forNoAlias('auth')
 2 SYSTEMPATH\CodeIgniter.php(466): CodeIgniter\Filters\Filters->enableFilter('auth', 'before')
 3 SYSTEMPATH\CodeIgniter.php(368): CodeIgniter\CodeIgniter->handleRequest(null, Object(Config\Cache), false)
 4 FCPATH\index.php(67): CodeIgniter\CodeIgniter->run()
 5 SYSTEMPATH\Commands\Server\rewrite.php(47): require_once('FCPATH\\index.php')
INFO - 2023-02-09 10:21:20 --> Session: Class initialized using 'CodeIgniter\Session\Handlers\FileHandler' driver.
INFO - 2023-02-09 03:21:22 --> CSRF token verified.
CRITICAL - 2023-02-09 03:21:22 --> "auth" filter must have a matching alias defined.
in SYSTEMPATH\Filters\Filters.php on line 340.
 1 SYSTEMPATH\Filters\Filters.php(340): CodeIgniter\Filters\Exceptions\FilterException::forNoAlias('auth')
 2 SYSTEMPATH\CodeIgniter.php(466): CodeIgniter\Filters\Filters->enableFilter('auth', 'before')
 3 SYSTEMPATH\CodeIgniter.php(368): CodeIgniter\CodeIgniter->handleRequest(null, Object(Config\Cache), false)
 4 FCPATH\index.php(67): CodeIgniter\CodeIgniter->run()
 5 SYSTEMPATH\Commands\Server\rewrite.php(47): require_once('FCPATH\\index.php')
INFO - 2023-02-09 10:22:33 --> Session: Class initialized using 'CodeIgniter\Session\Handlers\FileHandler' driver.
INFO - 2023-02-09 03:22:35 --> CSRF token verified.
INFO - 2023-02-09 03:22:35 --> Session: Class initialized using 'CodeIgniter\Session\Handlers\FileHandler' driver.
CRITICAL - 2023-02-09 03:22:35 --> Invalid file: "admin/profil/index.php"
in SYSTEMPATH\Exceptions\FrameworkException.php on line 33.
 1 SYSTEMPATH\View\View.php(201): CodeIgniter\Exceptions\FrameworkException::forInvalidFile('admin/profil/index.php')
 2 SYSTEMPATH\Common.php(1177): CodeIgniter\View\View->render('admin/profil/index', [], true)
 3 APPPATH\Views\template\template.php(4): view('admin/profil/index')
 4 SYSTEMPATH\View\View.php(213): include('APPPATH\\Views\\template\\template.php')
 5 SYSTEMPATH\View\View.php(216): CodeIgniter\View\View->CodeIgniter\View\{closure}()
 6 SYSTEMPATH\Common.php(1177): CodeIgniter\View\View->render('template/template', [], true)
 7 APPPATH\Controllers\Konfigurasi.php(149): view('template/template', [...])
 8 SYSTEMPATH\CodeIgniter.php(934): App\Controllers\Konfigurasi->profil()
 9 SYSTEMPATH\CodeIgniter.php(499): CodeIgniter\CodeIgniter->runController(Object(App\Controllers\Konfigurasi))
10 SYSTEMPATH\CodeIgniter.php(368): CodeIgniter\CodeIgniter->handleRequest(null, Object(Config\Cache), false)
11 FCPATH\index.php(67): CodeIgniter\CodeIgniter->run()
12 SYSTEMPATH\Commands\Server\rewrite.php(47): require_once('FCPATH\\index.php')
INFO - 2023-02-09 03:23:11 --> Session: Class initialized using 'CodeIgniter\Session\Handlers\FileHandler' driver.
INFO - 2023-02-09 03:25:18 --> Session: Class initialized using 'CodeIgniter\Session\Handlers\FileHandler' driver.
INFO - 2023-02-09 03:26:43 --> Session: Class initialized using 'CodeIgniter\Session\Handlers\FileHandler' driver.
INFO - 2023-02-09 03:26:48 --> Session: Class initialized using 'CodeIgniter\Session\Handlers\FileHandler' driver.
INFO - 2023-02-09 03:26:48 --> Session: Class initialized using 'CodeIgniter\Session\Handlers\FileHandler' driver.
INFO - 2023-02-09 03:26:51 --> CSRF token verified.
INFO - 2023-02-09 03:26:51 --> Session: Class initialized using 'CodeIgniter\Session\Handlers\FileHandler' driver.
INFO - 2023-02-09 10:26:51 --> Session: Class initialized using 'CodeIgniter\Session\Handlers\FileHandler' driver.
INFO - 2023-02-09 03:26:57 --> Session: Class initialized using 'CodeIgniter\Session\Handlers\FileHandler' driver.
INFO - 2023-02-09 03:28:38 --> Session: Class initialized using 'CodeIgniter\Session\Handlers\FileHandler' driver.
INFO - 2023-02-09 03:29:04 --> Session: Class initialized using 'CodeIgniter\Session\Handlers\FileHandler' driver.
INFO - 2023-02-09 03:29:35 --> Session: Class initialized using 'CodeIgniter\Session\Handlers\FileHandler' driver.
INFO - 2023-02-09 03:31:54 --> Session: Class initialized using 'CodeIgniter\Session\Handlers\FileHandler' driver.
INFO - 2023-02-09 10:31:54 --> Session: Class initialized using 'CodeIgniter\Session\Handlers\FileHandler' driver.
INFO - 2023-02-09 03:31:57 --> Session: Class initialized using 'CodeIgniter\Session\Handlers\FileHandler' driver.
INFO - 2023-02-09 03:35:49 --> Session: Class initialized using 'CodeIgniter\Session\Handlers\FileHandler' driver.
INFO - 2023-02-09 03:36:01 --> CSRF token verified.
INFO - 2023-02-09 03:36:01 --> Session: Class initialized using 'CodeIgniter\Session\Handlers\FileHandler' driver.
INFO - 2023-02-09 03:36:01 --> Session: Class initialized using 'CodeIgniter\Session\Handlers\FileHandler' driver.
INFO - 2023-02-09 03:36:04 --> CSRF token verified.
INFO - 2023-02-09 03:36:04 --> Session: Class initialized using 'CodeIgniter\Session\Handlers\FileHandler' driver.
INFO - 2023-02-09 10:36:05 --> Session: Class initialized using 'CodeIgniter\Session\Handlers\FileHandler' driver.
INFO - 2023-02-09 03:36:09 --> Session: Class initialized using 'CodeIgniter\Session\Handlers\FileHandler' driver.
INFO - 2023-02-09 03:36:28 --> CSRF token verified.
INFO - 2023-02-09 03:36:28 --> Session: Class initialized using 'CodeIgniter\Session\Handlers\FileHandler' driver.
INFO - 2023-02-09 03:36:28 --> Session: Class initialized using 'CodeIgniter\Session\Handlers\FileHandler' driver.
INFO - 2023-02-09 03:36:30 --> CSRF token verified.
INFO - 2023-02-09 03:36:31 --> Session: Class initialized using 'CodeIgniter\Session\Handlers\FileHandler' driver.
INFO - 2023-02-09 10:36:31 --> Session: Class initialized using 'CodeIgniter\Session\Handlers\FileHandler' driver.
INFO - 2023-02-09 03:36:40 --> Session: Class initialized using 'CodeIgniter\Session\Handlers\FileHandler' driver.
INFO - 2023-02-09 10:36:40 --> Session: Class initialized using 'CodeIgniter\Session\Handlers\FileHandler' driver.
INFO - 2023-02-09 10:37:50 --> Session: Class initialized using 'CodeIgniter\Session\Handlers\FileHandler' driver.
INFO - 2023-02-09 03:40:41 --> Session: Class initialized using 'CodeIgniter\Session\Handlers\FileHandler' driver.
INFO - 2023-02-09 03:40:42 --> Session: Class initialized using 'CodeIgniter\Session\Handlers\FileHandler' driver.
INFO - 2023-02-09 03:40:44 --> CSRF token verified.
INFO - 2023-02-09 03:40:44 --> Session: Class initialized using 'CodeIgniter\Session\Handlers\FileHandler' driver.
INFO - 2023-02-09 10:40:45 --> Session: Class initialized using 'CodeIgniter\Session\Handlers\FileHandler' driver.
INFO - 2023-02-09 03:42:02 --> Session: Class initialized using 'CodeIgniter\Session\Handlers\FileHandler' driver.
INFO - 2023-02-09 10:42:02 --> Session: Class initialized using 'CodeIgniter\Session\Handlers\FileHandler' driver.
INFO - 2023-02-09 10:42:46 --> Session: Class initialized using 'CodeIgniter\Session\Handlers\FileHandler' driver.
INFO - 2023-02-09 03:42:48 --> Session: Class initialized using 'CodeIgniter\Session\Handlers\FileHandler' driver.
INFO - 2023-02-09 03:42:53 --> Session: Class initialized using 'CodeIgniter\Session\Handlers\FileHandler' driver.
INFO - 2023-02-09 03:44:20 --> Session: Class initialized using 'CodeIgniter\Session\Handlers\FileHandler' driver.
INFO - 2023-02-09 03:44:47 --> Session: Class initialized using 'CodeIgniter\Session\Handlers\FileHandler' driver.
INFO - 2023-02-09 03:45:03 --> Session: Class initialized using 'CodeIgniter\Session\Handlers\FileHandler' driver.
INFO - 2023-02-09 03:49:05 --> Session: Class initialized using 'CodeIgniter\Session\Handlers\FileHandler' driver.
INFO - 2023-02-09 03:49:07 --> CSRF token verified.
INFO - 2023-02-09 03:49:07 --> Session: Class initialized using 'CodeIgniter\Session\Handlers\FileHandler' driver.
INFO - 2023-02-09 10:51:37 --> Session: Class initialized using 'CodeIgniter\Session\Handlers\FileHandler' driver.
INFO - 2023-02-09 03:51:38 --> CSRF token verified.
INFO - 2023-02-09 10:51:44 --> Session: Class initialized using 'CodeIgniter\Session\Handlers\FileHandler' driver.
INFO - 2023-02-09 10:52:07 --> Session: Class initialized using 'CodeIgniter\Session\Handlers\FileHandler' driver.
INFO - 2023-02-09 03:52:08 --> CSRF token verified.
INFO - 2023-02-09 10:52:15 --> Session: Class initialized using 'CodeIgniter\Session\Handlers\FileHandler' driver.
INFO - 2023-02-09 03:52:16 --> CSRF token verified.
INFO - 2023-02-09 03:52:17 --> Session: Class initialized using 'CodeIgniter\Session\Handlers\FileHandler' driver.
INFO - 2023-02-09 03:52:20 --> Session: Class initialized using 'CodeIgniter\Session\Handlers\FileHandler' driver.
INFO - 2023-02-09 03:52:21 --> Session: Class initialized using 'CodeIgniter\Session\Handlers\FileHandler' driver.
INFO - 2023-02-09 03:52:23 --> CSRF token verified.
INFO - 2023-02-09 03:52:23 --> Session: Class initialized using 'CodeIgniter\Session\Handlers\FileHandler' driver.
INFO - 2023-02-09 03:56:37 --> Session: Class initialized using 'CodeIgniter\Session\Handlers\FileHandler' driver.
INFO - 2023-02-09 03:56:39 --> CSRF token verified.
INFO - 2023-02-09 03:56:39 --> Session: Class initialized using 'CodeIgniter\Session\Handlers\FileHandler' driver.
INFO - 2023-02-09 03:56:45 --> CSRF token verified.
INFO - 2023-02-09 03:56:45 --> Session: Class initialized using 'CodeIgniter\Session\Handlers\FileHandler' driver.
INFO - 2023-02-09 03:56:52 --> CSRF token verified.
INFO - 2023-02-09 03:56:52 --> Session: Class initialized using 'CodeIgniter\Session\Handlers\FileHandler' driver.
INFO - 2023-02-09 03:56:56 --> CSRF token verified.
INFO - 2023-02-09 03:56:56 --> Session: Class initialized using 'CodeIgniter\Session\Handlers\FileHandler' driver.
INFO - 2023-02-09 03:57:03 --> CSRF token verified.
INFO - 2023-02-09 03:57:03 --> Session: Class initialized using 'CodeIgniter\Session\Handlers\FileHandler' driver.
INFO - 2023-02-09 03:57:45 --> CSRF token verified.
INFO - 2023-02-09 03:57:45 --> Session: Class initialized using 'CodeIgniter\Session\Handlers\FileHandler' driver.
INFO - 2023-02-09 03:58:04 --> CSRF token verified.
INFO - 2023-02-09 03:58:04 --> Session: Class initialized using 'CodeIgniter\Session\Handlers\FileHandler' driver.
INFO - 2023-02-09 03:58:10 --> CSRF token verified.
INFO - 2023-02-09 03:58:10 --> Session: Class initialized using 'CodeIgniter\Session\Handlers\FileHandler' driver.
INFO - 2023-02-09 03:58:15 --> Session: Class initialized using 'CodeIgniter\Session\Handlers\FileHandler' driver.
INFO - 2023-02-09 03:58:16 --> CSRF token verified.
INFO - 2023-02-09 03:58:16 --> Session: Class initialized using 'CodeIgniter\Session\Handlers\FileHandler' driver.
INFO - 2023-02-09 03:58:43 --> Session: Class initialized using 'CodeIgniter\Session\Handlers\FileHandler' driver.
INFO - 2023-02-09 04:05:41 --> Session: Class initialized using 'CodeIgniter\Session\Handlers\FileHandler' driver.
CRITICAL - 2023-02-09 04:05:41 --> Invalid file: "admin/profil/struktur-organisasi.php"
in SYSTEMPATH\Exceptions\FrameworkException.php on line 33.
 1 SYSTEMPATH\View\View.php(201): CodeIgniter\Exceptions\FrameworkException::forInvalidFile('admin/profil/struktur-organisasi.php')
 2 SYSTEMPATH\Common.php(1177): CodeIgniter\View\View->render('admin/profil/struktur-organisasi', [], true)
 3 APPPATH\Views\template\template.php(4): view('admin/profil/struktur-organisasi')
 4 SYSTEMPATH\View\View.php(213): include('APPPATH\\Views\\template\\template.php')
 5 SYSTEMPATH\View\View.php(216): CodeIgniter\View\View->CodeIgniter\View\{closure}()
 6 SYSTEMPATH\Common.php(1177): CodeIgniter\View\View->render('template/template', [], true)
 7 APPPATH\Controllers\Konfigurasi.php(29): view('template/template', [...])
 8 SYSTEMPATH\CodeIgniter.php(934): App\Controllers\Konfigurasi->struktur_organisasi()
 9 SYSTEMPATH\CodeIgniter.php(499): CodeIgniter\CodeIgniter->runController(Object(App\Controllers\Konfigurasi))
10 SYSTEMPATH\CodeIgniter.php(368): CodeIgniter\CodeIgniter->handleRequest(null, Object(Config\Cache), false)
11 FCPATH\index.php(67): CodeIgniter\CodeIgniter->run()
12 SYSTEMPATH\Commands\Server\rewrite.php(47): require_once('FCPATH\\index.php')
INFO - 2023-02-09 04:05:57 --> Session: Class initialized using 'CodeIgniter\Session\Handlers\FileHandler' driver.
CRITICAL - 2023-02-09 04:05:57 --> Undefined variable $image
in APPPATH\Views\cms\profil\struktur-organisasi.php on line 48.
 1 APPPATH\Views\cms\profil\struktur-organisasi.php(48): CodeIgniter\Debug\Exceptions->errorHandler(2, 'Undefined variable $image', 'APPPATH\\Views\\cms\\profil\\struktur-organisasi.php', 48)
 2 SYSTEMPATH\View\View.php(213): include('APPPATH\\Views\\cms\\profil\\struktur-organisasi.php')
 3 SYSTEMPATH\View\View.php(216): CodeIgniter\View\View->CodeIgniter\View\{closure}()
 4 SYSTEMPATH\Common.php(1177): CodeIgniter\View\View->render('cms/profil/struktur-organisasi', [], true)
 5 APPPATH\Views\template\template.php(4): view('cms/profil/struktur-organisasi')
 6 SYSTEMPATH\View\View.php(213): include('APPPATH\\Views\\template\\template.php')
 7 SYSTEMPATH\View\View.php(216): CodeIgniter\View\View->CodeIgniter\View\{closure}()
 8 SYSTEMPATH\Common.php(1177): CodeIgniter\View\View->render('template/template', [], true)
 9 APPPATH\Controllers\Konfigurasi.php(29): view('template/template', [...])
10 SYSTEMPATH\CodeIgniter.php(934): App\Controllers\Konfigurasi->struktur_organisasi()
11 SYSTEMPATH\CodeIgniter.php(499): CodeIgniter\CodeIgniter->runController(Object(App\Controllers\Konfigurasi))
12 SYSTEMPATH\CodeIgniter.php(368): CodeIgniter\CodeIgniter->handleRequest(null, Object(Config\Cache), false)
13 FCPATH\index.php(67): CodeIgniter\CodeIgniter->run()
14 SYSTEMPATH\Commands\Server\rewrite.php(47): require_once('FCPATH\\index.php')
INFO - 2023-02-09 04:06:23 --> Session: Class initialized using 'CodeIgniter\Session\Handlers\FileHandler' driver.
INFO - 2023-02-09 04:07:10 --> Session: Class initialized using 'CodeIgniter\Session\Handlers\FileHandler' driver.
INFO - 2023-02-09 04:08:17 --> Session: Class initialized using 'CodeIgniter\Session\Handlers\FileHandler' driver.
INFO - 2023-02-09 04:08:25 --> Session: Class initialized using 'CodeIgniter\Session\Handlers\FileHandler' driver.
INFO - 2023-02-09 04:08:59 --> Session: Class initialized using 'CodeIgniter\Session\Handlers\FileHandler' driver.
INFO - 2023-02-09 04:09:01 --> CSRF token verified.
CRITICAL - 2023-02-09 04:09:01 --> Undefined property: App\Controllers\Konfigurasi::$sm
in APPPATH\Controllers\Konfigurasi.php on line 41.
 1 APPPATH\Controllers\Konfigurasi.php(41): CodeIgniter\Debug\Exceptions->errorHandler(2, 'Undefined property: App\\Controllers\\Konfigurasi::$sm', 'APPPATH\\Controllers\\Konfigurasi.php', 41)
 2 SYSTEMPATH\CodeIgniter.php(934): App\Controllers\Konfigurasi->struktur_organisasi_()
 3 SYSTEMPATH\CodeIgniter.php(499): CodeIgniter\CodeIgniter->runController(Object(App\Controllers\Konfigurasi))
 4 SYSTEMPATH\CodeIgniter.php(368): CodeIgniter\CodeIgniter->handleRequest(null, Object(Config\Cache), false)
 5 FCPATH\index.php(67): CodeIgniter\CodeIgniter->run()
 6 SYSTEMPATH\Commands\Server\rewrite.php(47): require_once('FCPATH\\index.php')
INFO - 2023-02-09 04:09:33 --> Session: Class initialized using 'CodeIgniter\Session\Handlers\FileHandler' driver.
INFO - 2023-02-09 04:09:35 --> CSRF token verified.
INFO - 2023-02-09 04:12:32 --> Session: Class initialized using 'CodeIgniter\Session\Handlers\FileHandler' driver.
INFO - 2023-02-09 04:12:34 --> CSRF token verified.
INFO - 2023-02-09 04:24:26 --> Session: Class initialized using 'CodeIgniter\Session\Handlers\FileHandler' driver.
INFO - 2023-02-09 04:24:37 --> Session: Class initialized using 'CodeIgniter\Session\Handlers\FileHandler' driver.
INFO - 2023-02-09 04:25:21 --> Session: Class initialized using 'CodeIgniter\Session\Handlers\FileHandler' driver.
INFO - 2023-02-09 04:25:23 --> CSRF token verified.
INFO - 2023-02-09 04:25:28 --> CSRF token verified.
INFO - 2023-02-09 04:25:38 --> CSRF token verified.
INFO - 2023-02-09 04:28:03 --> Session: Class initialized using 'CodeIgniter\Session\Handlers\FileHandler' driver.
INFO - 2023-02-09 04:28:04 --> CSRF token verified.
ERROR - 2023-02-09 04:28:04 --> mysqli_sql_exception: Unknown column 'urutan' in 'order clause' in C:\xampp\htdocs\tiarahalalindonesia\system\Database\MySQLi\Connection.php:295
Stack trace:
#0 C:\xampp\htdocs\tiarahalalindonesia\system\Database\MySQLi\Connection.php(295): mysqli->query('SELECT *\nFROM `...', 0)
#1 C:\xampp\htdocs\tiarahalalindonesia\system\Database\BaseConnection.php(691): CodeIgniter\Database\MySQLi\Connection->execute('SELECT *\nFROM `...')
#2 C:\xampp\htdocs\tiarahalalindonesia\system\Database\BaseConnection.php(605): CodeIgniter\Database\BaseConnection->simpleQuery('SELECT *\nFROM `...')
#3 C:\xampp\htdocs\tiarahalalindonesia\system\Database\BaseBuilder.php(1602): CodeIgniter\Database\BaseConnection->query('SELECT *\nFROM `...', Array, false)
#4 C:\xampp\htdocs\tiarahalalindonesia\app\Models\ServerSideModel.php(79): CodeIgniter\Database\BaseBuilder->get()
#5 C:\xampp\htdocs\tiarahalalindonesia\app\Controllers\Konfigurasi.php(489): App\Models\ServerSideModel->limitRows('slider', '*', Array, Array, Array)
#6 C:\xampp\htdocs\tiarahalalindonesia\system\CodeIgniter.php(934): App\Controllers\Konfigurasi->slider_()
#7 C:\xampp\htdocs\tiarahalalindonesia\system\CodeIgniter.php(499): CodeIgniter\CodeIgniter->runController(Object(App\Controllers\Konfigurasi))
#8 C:\xampp\htdocs\tiarahalalindonesia\system\CodeIgniter.php(368): CodeIgniter\CodeIgniter->handleRequest(NULL, Object(Config\Cache), false)
#9 C:\xampp\htdocs\tiarahalalindonesia\public\index.php(67): CodeIgniter\CodeIgniter->run()
#10 C:\xampp\htdocs\tiarahalalindonesia\system\Commands\Server\rewrite.php(47): require_once('C:\\xampp\\htdocs...')
#11 {main}
CRITICAL - 2023-02-09 04:28:04 --> Unknown column 'urutan' in 'order clause'
in SYSTEMPATH\Database\BaseConnection.php on line 645.
 1 SYSTEMPATH\Database\BaseBuilder.php(1602): CodeIgniter\Database\BaseConnection->query('SELECT *
FROM `slider`
ORDER BY `urutan` ASC
 LIMIT 25', [], false)
 2 APPPATH\Models\ServerSideModel.php(79): CodeIgniter\Database\BaseBuilder->get()
 3 APPPATH\Controllers\Konfigurasi.php(489): App\Models\ServerSideModel->limitRows('slider', '*', [...], [...], [...])
 4 SYSTEMPATH\CodeIgniter.php(934): App\Controllers\Konfigurasi->slider_()
 5 SYSTEMPATH\CodeIgniter.php(499): CodeIgniter\CodeIgniter->runController(Object(App\Controllers\Konfigurasi))
 6 SYSTEMPATH\CodeIgniter.php(368): CodeIgniter\CodeIgniter->handleRequest(null, Object(Config\Cache), false)
 7 FCPATH\index.php(67): CodeIgniter\CodeIgniter->run()
 8 SYSTEMPATH\Commands\Server\rewrite.php(47): require_once('FCPATH\\index.php')
INFO - 2023-02-09 04:28:19 --> Session: Class initialized using 'CodeIgniter\Session\Handlers\FileHandler' driver.
INFO - 2023-02-09 04:28:21 --> CSRF token verified.
ERROR - 2023-02-09 04:28:21 --> mysqli_sql_exception: Unknown column 'urutan' in 'order clause' in C:\xampp\htdocs\tiarahalalindonesia\system\Database\MySQLi\Connection.php:295
Stack trace:
#0 C:\xampp\htdocs\tiarahalalindonesia\system\Database\MySQLi\Connection.php(295): mysqli->query('SELECT *\nFROM `...', 0)
#1 C:\xampp\htdocs\tiarahalalindonesia\system\Database\BaseConnection.php(691): CodeIgniter\Database\MySQLi\Connection->execute('SELECT *\nFROM `...')
#2 C:\xampp\htdocs\tiarahalalindonesia\system\Database\BaseConnection.php(605): CodeIgniter\Database\BaseConnection->simpleQuery('SELECT *\nFROM `...')
#3 C:\xampp\htdocs\tiarahalalindonesia\system\Database\BaseBuilder.php(1602): CodeIgniter\Database\BaseConnection->query('SELECT *\nFROM `...', Array, false)
#4 C:\xampp\htdocs\tiarahalalindonesia\app\Models\ServerSideModel.php(79): CodeIgniter\Database\BaseBuilder->get()
#5 C:\xampp\htdocs\tiarahalalindonesia\app\Controllers\Konfigurasi.php(489): App\Models\ServerSideModel->limitRows('slider', '*', Array, Array, Array)
#6 C:\xampp\htdocs\tiarahalalindonesia\system\CodeIgniter.php(934): App\Controllers\Konfigurasi->slider_()
#7 C:\xampp\htdocs\tiarahalalindonesia\system\CodeIgniter.php(499): CodeIgniter\CodeIgniter->runController(Object(App\Controllers\Konfigurasi))
#8 C:\xampp\htdocs\tiarahalalindonesia\system\CodeIgniter.php(368): CodeIgniter\CodeIgniter->handleRequest(NULL, Object(Config\Cache), false)
#9 C:\xampp\htdocs\tiarahalalindonesia\public\index.php(67): CodeIgniter\CodeIgniter->run()
#10 C:\xampp\htdocs\tiarahalalindonesia\system\Commands\Server\rewrite.php(47): require_once('C:\\xampp\\htdocs...')
#11 {main}
CRITICAL - 2023-02-09 04:28:21 --> Unknown column 'urutan' in 'order clause'
in SYSTEMPATH\Database\BaseConnection.php on line 645.
 1 SYSTEMPATH\Database\BaseBuilder.php(1602): CodeIgniter\Database\BaseConnection->query('SELECT *
FROM `slider`
ORDER BY `urutan` ASC
 LIMIT 25', [], false)
 2 APPPATH\Models\ServerSideModel.php(79): CodeIgniter\Database\BaseBuilder->get()
 3 APPPATH\Controllers\Konfigurasi.php(489): App\Models\ServerSideModel->limitRows('slider', '*', [...], [...], [...])
 4 SYSTEMPATH\CodeIgniter.php(934): App\Controllers\Konfigurasi->slider_()
 5 SYSTEMPATH\CodeIgniter.php(499): CodeIgniter\CodeIgniter->runController(Object(App\Controllers\Konfigurasi))
 6 SYSTEMPATH\CodeIgniter.php(368): CodeIgniter\CodeIgniter->handleRequest(null, Object(Config\Cache), false)
 7 FCPATH\index.php(67): CodeIgniter\CodeIgniter->run()
 8 SYSTEMPATH\Commands\Server\rewrite.php(47): require_once('FCPATH\\index.php')
INFO - 2023-02-09 04:29:23 --> Session: Class initialized using 'CodeIgniter\Session\Handlers\FileHandler' driver.
INFO - 2023-02-09 04:29:25 --> CSRF token verified.
ERROR - 2023-02-09 04:29:25 --> mysqli_sql_exception: Unknown column 'urutan' in 'order clause' in C:\xampp\htdocs\tiarahalalindonesia\system\Database\MySQLi\Connection.php:295
Stack trace:
#0 C:\xampp\htdocs\tiarahalalindonesia\system\Database\MySQLi\Connection.php(295): mysqli->query('SELECT *\nFROM `...', 0)
#1 C:\xampp\htdocs\tiarahalalindonesia\system\Database\BaseConnection.php(691): CodeIgniter\Database\MySQLi\Connection->execute('SELECT *\nFROM `...')
#2 C:\xampp\htdocs\tiarahalalindonesia\system\Database\BaseConnection.php(605): CodeIgniter\Database\BaseConnection->simpleQuery('SELECT *\nFROM `...')
#3 C:\xampp\htdocs\tiarahalalindonesia\system\Database\BaseBuilder.php(1602): CodeIgniter\Database\BaseConnection->query('SELECT *\nFROM `...', Array, false)
#4 C:\xampp\htdocs\tiarahalalindonesia\app\Models\ServerSideModel.php(79): CodeIgniter\Database\BaseBuilder->get()
#5 C:\xampp\htdocs\tiarahalalindonesia\app\Controllers\Konfigurasi.php(489): App\Models\ServerSideModel->limitRows('slider', '*', Array, Array, Array)
#6 C:\xampp\htdocs\tiarahalalindonesia\system\CodeIgniter.php(934): App\Controllers\Konfigurasi->slider_()
#7 C:\xampp\htdocs\tiarahalalindonesia\system\CodeIgniter.php(499): CodeIgniter\CodeIgniter->runController(Object(App\Controllers\Konfigurasi))
#8 C:\xampp\htdocs\tiarahalalindonesia\system\CodeIgniter.php(368): CodeIgniter\CodeIgniter->handleRequest(NULL, Object(Config\Cache), false)
#9 C:\xampp\htdocs\tiarahalalindonesia\public\index.php(67): CodeIgniter\CodeIgniter->run()
#10 C:\xampp\htdocs\tiarahalalindonesia\system\Commands\Server\rewrite.php(47): require_once('C:\\xampp\\htdocs...')
#11 {main}
CRITICAL - 2023-02-09 04:29:25 --> Unknown column 'urutan' in 'order clause'
in SYSTEMPATH\Database\BaseConnection.php on line 645.
 1 SYSTEMPATH\Database\BaseBuilder.php(1602): CodeIgniter\Database\BaseConnection->query('SELECT *
FROM `slider`
ORDER BY `urutan` ASC
 LIMIT 25', [], false)
 2 APPPATH\Models\ServerSideModel.php(79): CodeIgniter\Database\BaseBuilder->get()
 3 APPPATH\Controllers\Konfigurasi.php(489): App\Models\ServerSideModel->limitRows('slider', '*', [...], [...], [...])
 4 SYSTEMPATH\CodeIgniter.php(934): App\Controllers\Konfigurasi->slider_()
 5 SYSTEMPATH\CodeIgniter.php(499): CodeIgniter\CodeIgniter->runController(Object(App\Controllers\Konfigurasi))
 6 SYSTEMPATH\CodeIgniter.php(368): CodeIgniter\CodeIgniter->handleRequest(null, Object(Config\Cache), false)
 7 FCPATH\index.php(67): CodeIgniter\CodeIgniter->run()
 8 SYSTEMPATH\Commands\Server\rewrite.php(47): require_once('FCPATH\\index.php')
INFO - 2023-02-09 04:29:49 --> Session: Class initialized using 'CodeIgniter\Session\Handlers\FileHandler' driver.
INFO - 2023-02-09 04:29:50 --> CSRF token verified.
ERROR - 2023-02-09 04:29:50 --> mysqli_sql_exception: Unknown column 'urutan' in 'order clause' in C:\xampp\htdocs\tiarahalalindonesia\system\Database\MySQLi\Connection.php:295
Stack trace:
#0 C:\xampp\htdocs\tiarahalalindonesia\system\Database\MySQLi\Connection.php(295): mysqli->query('SELECT *\nFROM `...', 0)
#1 C:\xampp\htdocs\tiarahalalindonesia\system\Database\BaseConnection.php(691): CodeIgniter\Database\MySQLi\Connection->execute('SELECT *\nFROM `...')
#2 C:\xampp\htdocs\tiarahalalindonesia\system\Database\BaseConnection.php(605): CodeIgniter\Database\BaseConnection->simpleQuery('SELECT *\nFROM `...')
#3 C:\xampp\htdocs\tiarahalalindonesia\system\Database\BaseBuilder.php(1602): CodeIgniter\Database\BaseConnection->query('SELECT *\nFROM `...', Array, false)
#4 C:\xampp\htdocs\tiarahalalindonesia\app\Models\ServerSideModel.php(79): CodeIgniter\Database\BaseBuilder->get()
#5 C:\xampp\htdocs\tiarahalalindonesia\app\Controllers\Konfigurasi.php(489): App\Models\ServerSideModel->limitRows('slider', '*', Array, Array, Array)
#6 C:\xampp\htdocs\tiarahalalindonesia\system\CodeIgniter.php(934): App\Controllers\Konfigurasi->slider_()
#7 C:\xampp\htdocs\tiarahalalindonesia\system\CodeIgniter.php(499): CodeIgniter\CodeIgniter->runController(Object(App\Controllers\Konfigurasi))
#8 C:\xampp\htdocs\tiarahalalindonesia\system\CodeIgniter.php(368): CodeIgniter\CodeIgniter->handleRequest(NULL, Object(Config\Cache), false)
#9 C:\xampp\htdocs\tiarahalalindonesia\public\index.php(67): CodeIgniter\CodeIgniter->run()
#10 C:\xampp\htdocs\tiarahalalindonesia\system\Commands\Server\rewrite.php(47): require_once('C:\\xampp\\htdocs...')
#11 {main}
CRITICAL - 2023-02-09 04:29:50 --> Unknown column 'urutan' in 'order clause'
in SYSTEMPATH\Database\BaseConnection.php on line 645.
 1 SYSTEMPATH\Database\BaseBuilder.php(1602): CodeIgniter\Database\BaseConnection->query('SELECT *
FROM `slider`
ORDER BY `urutan` ASC
 LIMIT 25', [], false)
 2 APPPATH\Models\ServerSideModel.php(79): CodeIgniter\Database\BaseBuilder->get()
 3 APPPATH\Controllers\Konfigurasi.php(489): App\Models\ServerSideModel->limitRows('slider', '*', [...], [...], [...])
 4 SYSTEMPATH\CodeIgniter.php(934): App\Controllers\Konfigurasi->slider_()
 5 SYSTEMPATH\CodeIgniter.php(499): CodeIgniter\CodeIgniter->runController(Object(App\Controllers\Konfigurasi))
 6 SYSTEMPATH\CodeIgniter.php(368): CodeIgniter\CodeIgniter->handleRequest(null, Object(Config\Cache), false)
 7 FCPATH\index.php(67): CodeIgniter\CodeIgniter->run()
 8 SYSTEMPATH\Commands\Server\rewrite.php(47): require_once('FCPATH\\index.php')
INFO - 2023-02-09 04:30:48 --> Session: Class initialized using 'CodeIgniter\Session\Handlers\FileHandler' driver.
INFO - 2023-02-09 04:30:50 --> CSRF token verified.
ERROR - 2023-02-09 04:30:50 --> mysqli_sql_exception: Unknown column 'urutan' in 'order clause' in C:\xampp\htdocs\tiarahalalindonesia\system\Database\MySQLi\Connection.php:295
Stack trace:
#0 C:\xampp\htdocs\tiarahalalindonesia\system\Database\MySQLi\Connection.php(295): mysqli->query('SELECT *\nFROM `...', 0)
#1 C:\xampp\htdocs\tiarahalalindonesia\system\Database\BaseConnection.php(691): CodeIgniter\Database\MySQLi\Connection->execute('SELECT *\nFROM `...')
#2 C:\xampp\htdocs\tiarahalalindonesia\system\Database\BaseConnection.php(605): CodeIgniter\Database\BaseConnection->simpleQuery('SELECT *\nFROM `...')
#3 C:\xampp\htdocs\tiarahalalindonesia\system\Database\BaseBuilder.php(1602): CodeIgniter\Database\BaseConnection->query('SELECT *\nFROM `...', Array, false)
#4 C:\xampp\htdocs\tiarahalalindonesia\app\Models\ServerSideModel.php(79): CodeIgniter\Database\BaseBuilder->get()
#5 C:\xampp\htdocs\tiarahalalindonesia\app\Controllers\Konfigurasi.php(489): App\Models\ServerSideModel->limitRows('slider', '*', Array, Array, Array)
#6 C:\xampp\htdocs\tiarahalalindonesia\system\CodeIgniter.php(934): App\Controllers\Konfigurasi->slider_()
#7 C:\xampp\htdocs\tiarahalalindonesia\system\CodeIgniter.php(499): CodeIgniter\CodeIgniter->runController(Object(App\Controllers\Konfigurasi))
#8 C:\xampp\htdocs\tiarahalalindonesia\system\CodeIgniter.php(368): CodeIgniter\CodeIgniter->handleRequest(NULL, Object(Config\Cache), false)
#9 C:\xampp\htdocs\tiarahalalindonesia\public\index.php(67): CodeIgniter\CodeIgniter->run()
#10 C:\xampp\htdocs\tiarahalalindonesia\system\Commands\Server\rewrite.php(47): require_once('C:\\xampp\\htdocs...')
#11 {main}
CRITICAL - 2023-02-09 04:30:50 --> Unknown column 'urutan' in 'order clause'
in SYSTEMPATH\Database\BaseConnection.php on line 645.
 1 SYSTEMPATH\Database\BaseBuilder.php(1602): CodeIgniter\Database\BaseConnection->query('SELECT *
FROM `slider`
ORDER BY `urutan` ASC
 LIMIT 25', [], false)
 2 APPPATH\Models\ServerSideModel.php(79): CodeIgniter\Database\BaseBuilder->get()
 3 APPPATH\Controllers\Konfigurasi.php(489): App\Models\ServerSideModel->limitRows('slider', '*', [...], [...], [...])
 4 SYSTEMPATH\CodeIgniter.php(934): App\Controllers\Konfigurasi->slider_()
 5 SYSTEMPATH\CodeIgniter.php(499): CodeIgniter\CodeIgniter->runController(Object(App\Controllers\Konfigurasi))
 6 SYSTEMPATH\CodeIgniter.php(368): CodeIgniter\CodeIgniter->handleRequest(null, Object(Config\Cache), false)
 7 FCPATH\index.php(67): CodeIgniter\CodeIgniter->run()
 8 SYSTEMPATH\Commands\Server\rewrite.php(47): require_once('FCPATH\\index.php')
INFO - 2023-02-09 04:31:19 --> Session: Class initialized using 'CodeIgniter\Session\Handlers\FileHandler' driver.
INFO - 2023-02-09 04:31:21 --> CSRF token verified.
ERROR - 2023-02-09 04:31:21 --> mysqli_sql_exception: Unknown column 'urutan' in 'order clause' in C:\xampp\htdocs\tiarahalalindonesia\system\Database\MySQLi\Connection.php:295
Stack trace:
#0 C:\xampp\htdocs\tiarahalalindonesia\system\Database\MySQLi\Connection.php(295): mysqli->query('SELECT *\nFROM `...', 0)
#1 C:\xampp\htdocs\tiarahalalindonesia\system\Database\BaseConnection.php(691): CodeIgniter\Database\MySQLi\Connection->execute('SELECT *\nFROM `...')
#2 C:\xampp\htdocs\tiarahalalindonesia\system\Database\BaseConnection.php(605): CodeIgniter\Database\BaseConnection->simpleQuery('SELECT *\nFROM `...')
#3 C:\xampp\htdocs\tiarahalalindonesia\system\Database\BaseBuilder.php(1602): CodeIgniter\Database\BaseConnection->query('SELECT *\nFROM `...', Array, false)
#4 C:\xampp\htdocs\tiarahalalindonesia\app\Models\ServerSideModel.php(79): CodeIgniter\Database\BaseBuilder->get()
#5 C:\xampp\htdocs\tiarahalalindonesia\app\Controllers\Konfigurasi.php(489): App\Models\ServerSideModel->limitRows('slider', '*', Array, Array, Array)
#6 C:\xampp\htdocs\tiarahalalindonesia\system\CodeIgniter.php(934): App\Controllers\Konfigurasi->slider_()
#7 C:\xampp\htdocs\tiarahalalindonesia\system\CodeIgniter.php(499): CodeIgniter\CodeIgniter->runController(Object(App\Controllers\Konfigurasi))
#8 C:\xampp\htdocs\tiarahalalindonesia\system\CodeIgniter.php(368): CodeIgniter\CodeIgniter->handleRequest(NULL, Object(Config\Cache), false)
#9 C:\xampp\htdocs\tiarahalalindonesia\public\index.php(67): CodeIgniter\CodeIgniter->run()
#10 C:\xampp\htdocs\tiarahalalindonesia\system\Commands\Server\rewrite.php(47): require_once('C:\\xampp\\htdocs...')
#11 {main}
CRITICAL - 2023-02-09 04:31:21 --> Unknown column 'urutan' in 'order clause'
in SYSTEMPATH\Database\BaseConnection.php on line 645.
 1 SYSTEMPATH\Database\BaseBuilder.php(1602): CodeIgniter\Database\BaseConnection->query('SELECT *
FROM `slider`
ORDER BY `urutan` ASC
 LIMIT 25', [], false)
 2 APPPATH\Models\ServerSideModel.php(79): CodeIgniter\Database\BaseBuilder->get()
 3 APPPATH\Controllers\Konfigurasi.php(489): App\Models\ServerSideModel->limitRows('slider', '*', [...], [...], [...])
 4 SYSTEMPATH\CodeIgniter.php(934): App\Controllers\Konfigurasi->slider_()
 5 SYSTEMPATH\CodeIgniter.php(499): CodeIgniter\CodeIgniter->runController(Object(App\Controllers\Konfigurasi))
 6 SYSTEMPATH\CodeIgniter.php(368): CodeIgniter\CodeIgniter->handleRequest(null, Object(Config\Cache), false)
 7 FCPATH\index.php(67): CodeIgniter\CodeIgniter->run()
 8 SYSTEMPATH\Commands\Server\rewrite.php(47): require_once('FCPATH\\index.php')
INFO - 2023-02-09 04:31:30 --> Session: Class initialized using 'CodeIgniter\Session\Handlers\FileHandler' driver.
INFO - 2023-02-09 04:31:32 --> CSRF token verified.
ERROR - 2023-02-09 04:31:32 --> mysqli_sql_exception: Unknown column 'urutan' in 'order clause' in C:\xampp\htdocs\tiarahalalindonesia\system\Database\MySQLi\Connection.php:295
Stack trace:
#0 C:\xampp\htdocs\tiarahalalindonesia\system\Database\MySQLi\Connection.php(295): mysqli->query('SELECT *\nFROM `...', 0)
#1 C:\xampp\htdocs\tiarahalalindonesia\system\Database\BaseConnection.php(691): CodeIgniter\Database\MySQLi\Connection->execute('SELECT *\nFROM `...')
#2 C:\xampp\htdocs\tiarahalalindonesia\system\Database\BaseConnection.php(605): CodeIgniter\Database\BaseConnection->simpleQuery('SELECT *\nFROM `...')
#3 C:\xampp\htdocs\tiarahalalindonesia\system\Database\BaseBuilder.php(1602): CodeIgniter\Database\BaseConnection->query('SELECT *\nFROM `...', Array, false)
#4 C:\xampp\htdocs\tiarahalalindonesia\app\Models\ServerSideModel.php(79): CodeIgniter\Database\BaseBuilder->get()
#5 C:\xampp\htdocs\tiarahalalindonesia\app\Controllers\Konfigurasi.php(489): App\Models\ServerSideModel->limitRows('slider', '*', Array, Array, Array)
#6 C:\xampp\htdocs\tiarahalalindonesia\system\CodeIgniter.php(934): App\Controllers\Konfigurasi->slider_()
#7 C:\xampp\htdocs\tiarahalalindonesia\system\CodeIgniter.php(499): CodeIgniter\CodeIgniter->runController(Object(App\Controllers\Konfigurasi))
#8 C:\xampp\htdocs\tiarahalalindonesia\system\CodeIgniter.php(368): CodeIgniter\CodeIgniter->handleRequest(NULL, Object(Config\Cache), false)
#9 C:\xampp\htdocs\tiarahalalindonesia\public\index.php(67): CodeIgniter\CodeIgniter->run()
#10 C:\xampp\htdocs\tiarahalalindonesia\system\Commands\Server\rewrite.php(47): require_once('C:\\xampp\\htdocs...')
#11 {main}
CRITICAL - 2023-02-09 04:31:32 --> Unknown column 'urutan' in 'order clause'
in SYSTEMPATH\Database\BaseConnection.php on line 645.
 1 SYSTEMPATH\Database\BaseBuilder.php(1602): CodeIgniter\Database\BaseConnection->query('SELECT *
FROM `slider`
ORDER BY `urutan` ASC
 LIMIT 25', [], false)
 2 APPPATH\Models\ServerSideModel.php(79): CodeIgniter\Database\BaseBuilder->get()
 3 APPPATH\Controllers\Konfigurasi.php(489): App\Models\ServerSideModel->limitRows('slider', '*', [...], [...], [...])
 4 SYSTEMPATH\CodeIgniter.php(934): App\Controllers\Konfigurasi->slider_()
 5 SYSTEMPATH\CodeIgniter.php(499): CodeIgniter\CodeIgniter->runController(Object(App\Controllers\Konfigurasi))
 6 SYSTEMPATH\CodeIgniter.php(368): CodeIgniter\CodeIgniter->handleRequest(null, Object(Config\Cache), false)
 7 FCPATH\index.php(67): CodeIgniter\CodeIgniter->run()
 8 SYSTEMPATH\Commands\Server\rewrite.php(47): require_once('FCPATH\\index.php')
INFO - 2023-02-09 04:31:55 --> Session: Class initialized using 'CodeIgniter\Session\Handlers\FileHandler' driver.
INFO - 2023-02-09 04:31:57 --> CSRF token verified.
ERROR - 2023-02-09 04:31:57 --> mysqli_sql_exception: Unknown column 'urutan' in 'order clause' in C:\xampp\htdocs\tiarahalalindonesia\system\Database\MySQLi\Connection.php:295
Stack trace:
#0 C:\xampp\htdocs\tiarahalalindonesia\system\Database\MySQLi\Connection.php(295): mysqli->query('SELECT *\nFROM `...', 0)
#1 C:\xampp\htdocs\tiarahalalindonesia\system\Database\BaseConnection.php(691): CodeIgniter\Database\MySQLi\Connection->execute('SELECT *\nFROM `...')
#2 C:\xampp\htdocs\tiarahalalindonesia\system\Database\BaseConnection.php(605): CodeIgniter\Database\BaseConnection->simpleQuery('SELECT *\nFROM `...')
#3 C:\xampp\htdocs\tiarahalalindonesia\system\Database\BaseBuilder.php(1602): CodeIgniter\Database\BaseConnection->query('SELECT *\nFROM `...', Array, false)
#4 C:\xampp\htdocs\tiarahalalindonesia\app\Models\ServerSideModel.php(79): CodeIgniter\Database\BaseBuilder->get()
#5 C:\xampp\htdocs\tiarahalalindonesia\app\Controllers\Konfigurasi.php(489): App\Models\ServerSideModel->limitRows('slider', '*', Array, Array, Array)
#6 C:\xampp\htdocs\tiarahalalindonesia\system\CodeIgniter.php(934): App\Controllers\Konfigurasi->slider_()
#7 C:\xampp\htdocs\tiarahalalindonesia\system\CodeIgniter.php(499): CodeIgniter\CodeIgniter->runController(Object(App\Controllers\Konfigurasi))
#8 C:\xampp\htdocs\tiarahalalindonesia\system\CodeIgniter.php(368): CodeIgniter\CodeIgniter->handleRequest(NULL, Object(Config\Cache), false)
#9 C:\xampp\htdocs\tiarahalalindonesia\public\index.php(67): CodeIgniter\CodeIgniter->run()
#10 C:\xampp\htdocs\tiarahalalindonesia\system\Commands\Server\rewrite.php(47): require_once('C:\\xampp\\htdocs...')
#11 {main}
CRITICAL - 2023-02-09 04:31:57 --> Unknown column 'urutan' in 'order clause'
in SYSTEMPATH\Database\BaseConnection.php on line 645.
 1 SYSTEMPATH\Database\BaseBuilder.php(1602): CodeIgniter\Database\BaseConnection->query('SELECT *
FROM `slider`
ORDER BY `urutan` ASC
 LIMIT 25', [], false)
 2 APPPATH\Models\ServerSideModel.php(79): CodeIgniter\Database\BaseBuilder->get()
 3 APPPATH\Controllers\Konfigurasi.php(489): App\Models\ServerSideModel->limitRows('slider', '*', [...], [...], [...])
 4 SYSTEMPATH\CodeIgniter.php(934): App\Controllers\Konfigurasi->slider_()
 5 SYSTEMPATH\CodeIgniter.php(499): CodeIgniter\CodeIgniter->runController(Object(App\Controllers\Konfigurasi))
 6 SYSTEMPATH\CodeIgniter.php(368): CodeIgniter\CodeIgniter->handleRequest(null, Object(Config\Cache), false)
 7 FCPATH\index.php(67): CodeIgniter\CodeIgniter->run()
 8 SYSTEMPATH\Commands\Server\rewrite.php(47): require_once('FCPATH\\index.php')
INFO - 2023-02-09 04:37:22 --> Session: Class initialized using 'CodeIgniter\Session\Handlers\FileHandler' driver.
INFO - 2023-02-09 04:37:24 --> CSRF token verified.
ERROR - 2023-02-09 04:37:24 --> mysqli_sql_exception: Unknown column 'urutan' in 'order clause' in C:\xampp\htdocs\tiarahalalindonesia\system\Database\MySQLi\Connection.php:295
Stack trace:
#0 C:\xampp\htdocs\tiarahalalindonesia\system\Database\MySQLi\Connection.php(295): mysqli->query('SELECT *\nFROM `...', 0)
#1 C:\xampp\htdocs\tiarahalalindonesia\system\Database\BaseConnection.php(691): CodeIgniter\Database\MySQLi\Connection->execute('SELECT *\nFROM `...')
#2 C:\xampp\htdocs\tiarahalalindonesia\system\Database\BaseConnection.php(605): CodeIgniter\Database\BaseConnection->simpleQuery('SELECT *\nFROM `...')
#3 C:\xampp\htdocs\tiarahalalindonesia\system\Database\BaseBuilder.php(1602): CodeIgniter\Database\BaseConnection->query('SELECT *\nFROM `...', Array, false)
#4 C:\xampp\htdocs\tiarahalalindonesia\app\Models\ServerSideModel.php(79): CodeIgniter\Database\BaseBuilder->get()
#5 C:\xampp\htdocs\tiarahalalindonesia\app\Controllers\Konfigurasi.php(489): App\Models\ServerSideModel->limitRows('slider', '*', Array, Array, Array)
#6 C:\xampp\htdocs\tiarahalalindonesia\system\CodeIgniter.php(934): App\Controllers\Konfigurasi->slider_()
#7 C:\xampp\htdocs\tiarahalalindonesia\system\CodeIgniter.php(499): CodeIgniter\CodeIgniter->runController(Object(App\Controllers\Konfigurasi))
#8 C:\xampp\htdocs\tiarahalalindonesia\system\CodeIgniter.php(368): CodeIgniter\CodeIgniter->handleRequest(NULL, Object(Config\Cache), false)
#9 C:\xampp\htdocs\tiarahalalindonesia\public\index.php(67): CodeIgniter\CodeIgniter->run()
#10 C:\xampp\htdocs\tiarahalalindonesia\system\Commands\Server\rewrite.php(47): require_once('C:\\xampp\\htdocs...')
#11 {main}
CRITICAL - 2023-02-09 04:37:24 --> Unknown column 'urutan' in 'order clause'
in SYSTEMPATH\Database\BaseConnection.php on line 645.
 1 SYSTEMPATH\Database\BaseBuilder.php(1602): CodeIgniter\Database\BaseConnection->query('SELECT *
FROM `slider`
ORDER BY `urutan` ASC
 LIMIT 25', [], false)
 2 APPPATH\Models\ServerSideModel.php(79): CodeIgniter\Database\BaseBuilder->get()
 3 APPPATH\Controllers\Konfigurasi.php(489): App\Models\ServerSideModel->limitRows('slider', '*', [...], [...], [...])
 4 SYSTEMPATH\CodeIgniter.php(934): App\Controllers\Konfigurasi->slider_()
 5 SYSTEMPATH\CodeIgniter.php(499): CodeIgniter\CodeIgniter->runController(Object(App\Controllers\Konfigurasi))
 6 SYSTEMPATH\CodeIgniter.php(368): CodeIgniter\CodeIgniter->handleRequest(null, Object(Config\Cache), false)
 7 FCPATH\index.php(67): CodeIgniter\CodeIgniter->run()
 8 SYSTEMPATH\Commands\Server\rewrite.php(47): require_once('FCPATH\\index.php')
CRITICAL - 2023-02-09 04:42:17 --> syntax error, unexpected token ">"
in APPPATH\Controllers\Konfigurasi.php on line 239.
 1 SYSTEMPATH\Autoloader\Autoloader.php(289): CodeIgniter\Autoloader\Autoloader->includeFile('APPPATH\\Controllers\\Konfigurasi.php')
 2 SYSTEMPATH\Autoloader\Autoloader.php(267): CodeIgniter\Autoloader\Autoloader->loadInNamespace('App\\Controllers\\Konfigurasi')
 3 [internal function]: CodeIgniter\Autoloader\Autoloader->loadClass('App\\Controllers\\Konfigurasi')
 4 SYSTEMPATH\CodeIgniter.php(892): class_exists('\\App\\Controllers\\Konfigurasi', true)
 5 SYSTEMPATH\CodeIgniter.php(486): CodeIgniter\CodeIgniter->startController()
 6 SYSTEMPATH\CodeIgniter.php(368): CodeIgniter\CodeIgniter->handleRequest(null, Object(Config\Cache), false)
 7 FCPATH\index.php(67): CodeIgniter\CodeIgniter->run()
 8 SYSTEMPATH\Commands\Server\rewrite.php(47): require_once('FCPATH\\index.php')
INFO - 2023-02-09 04:42:46 --> Session: Class initialized using 'CodeIgniter\Session\Handlers\FileHandler' driver.
INFO - 2023-02-09 04:42:48 --> CSRF token verified.
ERROR - 2023-02-09 04:42:48 --> mysqli_sql_exception: Unknown column 'urutan' in 'order clause' in C:\xampp\htdocs\tiarahalalindonesia\system\Database\MySQLi\Connection.php:295
Stack trace:
#0 C:\xampp\htdocs\tiarahalalindonesia\system\Database\MySQLi\Connection.php(295): mysqli->query('SELECT *\nFROM `...', 0)
#1 C:\xampp\htdocs\tiarahalalindonesia\system\Database\BaseConnection.php(691): CodeIgniter\Database\MySQLi\Connection->execute('SELECT *\nFROM `...')
#2 C:\xampp\htdocs\tiarahalalindonesia\system\Database\BaseConnection.php(605): CodeIgniter\Database\BaseConnection->simpleQuery('SELECT *\nFROM `...')
#3 C:\xampp\htdocs\tiarahalalindonesia\system\Database\BaseBuilder.php(1602): CodeIgniter\Database\BaseConnection->query('SELECT *\nFROM `...', Array, false)
#4 C:\xampp\htdocs\tiarahalalindonesia\app\Models\ServerSideModel.php(79): CodeIgniter\Database\BaseBuilder->get()
#5 C:\xampp\htdocs\tiarahalalindonesia\app\Controllers\Konfigurasi.php(489): App\Models\ServerSideModel->limitRows('slider', '*', Array, Array, Array)
#6 C:\xampp\htdocs\tiarahalalindonesia\system\CodeIgniter.php(934): App\Controllers\Konfigurasi->slider_()
#7 C:\xampp\htdocs\tiarahalalindonesia\system\CodeIgniter.php(499): CodeIgniter\CodeIgniter->runController(Object(App\Controllers\Konfigurasi))
#8 C:\xampp\htdocs\tiarahalalindonesia\system\CodeIgniter.php(368): CodeIgniter\CodeIgniter->handleRequest(NULL, Object(Config\Cache), false)
#9 C:\xampp\htdocs\tiarahalalindonesia\public\index.php(67): CodeIgniter\CodeIgniter->run()
#10 C:\xampp\htdocs\tiarahalalindonesia\system\Commands\Server\rewrite.php(47): require_once('C:\\xampp\\htdocs...')
#11 {main}
CRITICAL - 2023-02-09 04:42:48 --> Unknown column 'urutan' in 'order clause'
in SYSTEMPATH\Database\BaseConnection.php on line 645.
 1 SYSTEMPATH\Database\BaseBuilder.php(1602): CodeIgniter\Database\BaseConnection->query('SELECT *
FROM `slider`
ORDER BY `urutan` ASC
 LIMIT 25', [], false)
 2 APPPATH\Models\ServerSideModel.php(79): CodeIgniter\Database\BaseBuilder->get()
 3 APPPATH\Controllers\Konfigurasi.php(489): App\Models\ServerSideModel->limitRows('slider', '*', [...], [...], [...])
 4 SYSTEMPATH\CodeIgniter.php(934): App\Controllers\Konfigurasi->slider_()
 5 SYSTEMPATH\CodeIgniter.php(499): CodeIgniter\CodeIgniter->runController(Object(App\Controllers\Konfigurasi))
 6 SYSTEMPATH\CodeIgniter.php(368): CodeIgniter\CodeIgniter->handleRequest(null, Object(Config\Cache), false)
 7 FCPATH\index.php(67): CodeIgniter\CodeIgniter->run()
 8 SYSTEMPATH\Commands\Server\rewrite.php(47): require_once('FCPATH\\index.php')
INFO - 2023-02-09 04:43:14 --> Session: Class initialized using 'CodeIgniter\Session\Handlers\FileHandler' driver.
INFO - 2023-02-09 04:43:16 --> CSRF token verified.
INFO - 2023-02-09 04:46:14 --> Session: Class initialized using 'CodeIgniter\Session\Handlers\FileHandler' driver.
INFO - 2023-02-09 04:46:15 --> CSRF token verified.
INFO - 2023-02-09 04:46:35 --> Session: Class initialized using 'CodeIgniter\Session\Handlers\FileHandler' driver.
INFO - 2023-02-09 04:46:37 --> CSRF token verified.
INFO - 2023-02-09 04:56:03 --> Session: Class initialized using 'CodeIgniter\Session\Handlers\FileHandler' driver.
INFO - 2023-02-09 04:56:05 --> CSRF token verified.
INFO - 2023-02-09 04:56:18 --> Session: Class initialized using 'CodeIgniter\Session\Handlers\FileHandler' driver.
INFO - 2023-02-09 04:56:19 --> CSRF token verified.
INFO - 2023-02-09 04:56:31 --> CSRF token verified.
INFO - 2023-02-09 04:56:31 --> Session: Class initialized using 'CodeIgniter\Session\Handlers\FileHandler' driver.
INFO - 2023-02-09 04:56:31 --> CSRF token verified.
INFO - 2023-02-09 04:56:52 --> CSRF token verified.
INFO - 2023-02-09 04:57:16 --> Session: Class initialized using 'CodeIgniter\Session\Handlers\FileHandler' driver.
INFO - 2023-02-09 11:57:17 --> Session: Class initialized using 'CodeIgniter\Session\Handlers\FileHandler' driver.
INFO - 2023-02-09 04:57:20 --> Session: Class initialized using 'CodeIgniter\Session\Handlers\FileHandler' driver.
INFO - 2023-02-09 04:57:22 --> CSRF token verified.
INFO - 2023-02-09 11:57:34 --> Session: Class initialized using 'CodeIgniter\Session\Handlers\FileHandler' driver.
INFO - 2023-02-09 04:57:36 --> CSRF token verified.
INFO - 2023-02-09 04:58:04 --> Session: Class initialized using 'CodeIgniter\Session\Handlers\FileHandler' driver.
INFO - 2023-02-09 12:03:49 --> Session: Class initialized using 'CodeIgniter\Session\Handlers\FileHandler' driver.
INFO - 2023-02-09 05:03:50 --> CSRF token verified.
INFO - 2023-02-09 12:05:18 --> Session: Class initialized using 'CodeIgniter\Session\Handlers\FileHandler' driver.
INFO - 2023-02-09 05:05:20 --> CSRF token verified.
CRITICAL - 2023-02-09 12:07:43 --> Undefined property: App\Controllers\Cms::$pluginsugins
in APPPATH\Controllers\Cms.php on line 423.
 1 APPPATH\Controllers\Cms.php(423): CodeIgniter\Debug\Exceptions->errorHandler(2, 'Undefined property: App\\Controllers\\Cms::$pluginsugins', 'APPPATH\\Controllers\\Cms.php', 423)
 2 SYSTEMPATH\CodeIgniter.php(934): App\Controllers\Cms->blog()
 3 SYSTEMPATH\CodeIgniter.php(499): CodeIgniter\CodeIgniter->runController(Object(App\Controllers\Cms))
 4 SYSTEMPATH\CodeIgniter.php(368): CodeIgniter\CodeIgniter->handleRequest(null, Object(Config\Cache), false)
 5 FCPATH\index.php(67): CodeIgniter\CodeIgniter->run()
 6 SYSTEMPATH\Commands\Server\rewrite.php(47): require_once('FCPATH\\index.php')
INFO - 2023-02-09 12:07:57 --> Session: Class initialized using 'CodeIgniter\Session\Handlers\FileHandler' driver.
INFO - 2023-02-09 05:07:59 --> CSRF token verified.
INFO - 2023-02-09 12:08:06 --> Session: Class initialized using 'CodeIgniter\Session\Handlers\FileHandler' driver.
INFO - 2023-02-09 05:08:08 --> CSRF token verified.
INFO - 2023-02-09 12:08:49 --> Session: Class initialized using 'CodeIgniter\Session\Handlers\FileHandler' driver.
INFO - 2023-02-09 05:08:51 --> CSRF token verified.
INFO - 2023-02-09 12:09:38 --> Session: Class initialized using 'CodeIgniter\Session\Handlers\FileHandler' driver.
INFO - 2023-02-09 05:09:40 --> CSRF token verified.
CRITICAL - 2023-02-09 12:09:40 --> Undefined property: stdClass::$waktu_terbit
in APPPATH\Controllers\Cms.php on line 473.
 1 APPPATH\Controllers\Cms.php(473): CodeIgniter\Debug\Exceptions->errorHandler(2, 'Undefined property: stdClass::$waktu_terbit', 'APPPATH\\Controllers\\Cms.php', 473)
 2 SYSTEMPATH\CodeIgniter.php(934): App\Controllers\Cms->blog_()
 3 SYSTEMPATH\CodeIgniter.php(499): CodeIgniter\CodeIgniter->runController(Object(App\Controllers\Cms))
 4 SYSTEMPATH\CodeIgniter.php(368): CodeIgniter\CodeIgniter->handleRequest(null, Object(Config\Cache), false)
 5 FCPATH\index.php(67): CodeIgniter\CodeIgniter->run()
 6 SYSTEMPATH\Commands\Server\rewrite.php(47): require_once('FCPATH\\index.php')
INFO - 2023-02-09 12:09:47 --> Session: Class initialized using 'CodeIgniter\Session\Handlers\FileHandler' driver.
INFO - 2023-02-09 05:09:49 --> CSRF token verified.
CRITICAL - 2023-02-09 12:09:49 --> Undefined property: stdClass::$waktu_terbit
in APPPATH\Controllers\Cms.php on line 473.
 1 APPPATH\Controllers\Cms.php(473): CodeIgniter\Debug\Exceptions->errorHandler(2, 'Undefined property: stdClass::$waktu_terbit', 'APPPATH\\Controllers\\Cms.php', 473)
 2 SYSTEMPATH\CodeIgniter.php(934): App\Controllers\Cms->blog_()
 3 SYSTEMPATH\CodeIgniter.php(499): CodeIgniter\CodeIgniter->runController(Object(App\Controllers\Cms))
 4 SYSTEMPATH\CodeIgniter.php(368): CodeIgniter\CodeIgniter->handleRequest(null, Object(Config\Cache), false)
 5 FCPATH\index.php(67): CodeIgniter\CodeIgniter->run()
 6 SYSTEMPATH\Commands\Server\rewrite.php(47): require_once('FCPATH\\index.php')
INFO - 2023-02-09 12:10:29 --> Session: Class initialized using 'CodeIgniter\Session\Handlers\FileHandler' driver.
INFO - 2023-02-09 05:10:31 --> CSRF token verified.
INFO - 2023-02-09 12:11:33 --> Session: Class initialized using 'CodeIgniter\Session\Handlers\FileHandler' driver.
INFO - 2023-02-09 05:11:35 --> CSRF token verified.
INFO - 2023-02-09 12:13:35 --> Session: Class initialized using 'CodeIgniter\Session\Handlers\FileHandler' driver.
INFO - 2023-02-09 05:13:37 --> CSRF token verified.
INFO - 2023-02-09 12:13:44 --> Session: Class initialized using 'CodeIgniter\Session\Handlers\FileHandler' driver.
INFO - 2023-02-09 05:13:46 --> CSRF token verified.
INFO - 2023-02-09 12:14:50 --> Session: Class initialized using 'CodeIgniter\Session\Handlers\FileHandler' driver.
INFO - 2023-02-09 05:14:52 --> CSRF token verified.
INFO - 2023-02-09 05:14:59 --> CSRF token verified.
INFO - 2023-02-09 05:15:04 --> CSRF token verified.
INFO - 2023-02-09 05:15:07 --> CSRF token verified.
INFO - 2023-02-09 05:15:13 --> CSRF token verified.
INFO - 2023-02-09 05:15:20 --> CSRF token verified.
INFO - 2023-02-09 05:15:23 --> CSRF token verified.
INFO - 2023-02-09 05:15:27 --> CSRF token verified.
INFO - 2023-02-09 05:15:31 --> CSRF token verified.
CRITICAL - 2023-02-09 12:15:36 --> Undefined property: App\Controllers\Cms::$pluginsugins
in APPPATH\Controllers\Cms.php on line 29.
 1 APPPATH\Controllers\Cms.php(29): CodeIgniter\Debug\Exceptions->errorHandler(2, 'Undefined property: App\\Controllers\\Cms::$pluginsugins', 'APPPATH\\Controllers\\Cms.php', 29)
 2 SYSTEMPATH\CodeIgniter.php(934): App\Controllers\Cms->mitra()
 3 SYSTEMPATH\CodeIgniter.php(499): CodeIgniter\CodeIgniter->runController(Object(App\Controllers\Cms))
 4 SYSTEMPATH\CodeIgniter.php(368): CodeIgniter\CodeIgniter->handleRequest(null, Object(Config\Cache), false)
 5 FCPATH\index.php(67): CodeIgniter\CodeIgniter->run()
 6 SYSTEMPATH\Commands\Server\rewrite.php(47): require_once('FCPATH\\index.php')
INFO - 2023-02-09 12:15:58 --> Session: Class initialized using 'CodeIgniter\Session\Handlers\FileHandler' driver.
INFO - 2023-02-09 05:16:00 --> CSRF token verified.
INFO - 2023-02-09 12:16:04 --> Session: Class initialized using 'CodeIgniter\Session\Handlers\FileHandler' driver.
INFO - 2023-02-09 05:16:05 --> CSRF token verified.
INFO - 2023-02-09 12:16:12 --> Session: Class initialized using 'CodeIgniter\Session\Handlers\FileHandler' driver.
INFO - 2023-02-09 05:16:13 --> CSRF token verified.
INFO - 2023-02-09 12:17:29 --> Session: Class initialized using 'CodeIgniter\Session\Handlers\FileHandler' driver.
INFO - 2023-02-09 05:17:31 --> CSRF token verified.
INFO - 2023-02-09 05:17:35 --> CSRF token verified.
INFO - 2023-02-09 12:17:36 --> Session: Class initialized using 'CodeIgniter\Session\Handlers\FileHandler' driver.
INFO - 2023-02-09 05:17:38 --> CSRF token verified.
INFO - 2023-02-09 05:18:16 --> CSRF token verified.
INFO - 2023-02-09 12:18:16 --> Session: Class initialized using 'CodeIgniter\Session\Handlers\FileHandler' driver.
INFO - 2023-02-09 05:18:16 --> CSRF token verified.
INFO - 2023-02-09 05:18:22 --> Session: Class initialized using 'CodeIgniter\Session\Handlers\FileHandler' driver.
INFO - 2023-02-09 05:18:34 --> CSRF token verified.
INFO - 2023-02-09 05:18:34 --> Session: Class initialized using 'CodeIgniter\Session\Handlers\FileHandler' driver.
INFO - 2023-02-09 05:18:34 --> Session: Class initialized using 'CodeIgniter\Session\Handlers\FileHandler' driver.
INFO - 2023-02-09 05:18:37 --> CSRF token verified.
INFO - 2023-02-09 05:18:37 --> Session: Class initialized using 'CodeIgniter\Session\Handlers\FileHandler' driver.
INFO - 2023-02-09 12:18:37 --> Session: Class initialized using 'CodeIgniter\Session\Handlers\FileHandler' driver.
INFO - 2023-02-09 07:21:54 --> Session: Class initialized using 'CodeIgniter\Session\Handlers\FileHandler' driver.
INFO - 2023-02-09 07:21:57 --> CSRF token verified.
INFO - 2023-02-09 07:21:57 --> Session: Class initialized using 'CodeIgniter\Session\Handlers\FileHandler' driver.
INFO - 2023-02-09 14:21:57 --> Session: Class initialized using 'CodeIgniter\Session\Handlers\FileHandler' driver.
INFO - 2023-02-09 14:22:02 --> Session: Class initialized using 'CodeIgniter\Session\Handlers\FileHandler' driver.
INFO - 2023-02-09 07:22:03 --> CSRF token verified.
INFO - 2023-02-09 14:22:45 --> Session: Class initialized using 'CodeIgniter\Session\Handlers\FileHandler' driver.
INFO - 2023-02-09 07:22:46 --> CSRF token verified.
INFO - 2023-02-09 14:27:04 --> Session: Class initialized using 'CodeIgniter\Session\Handlers\FileHandler' driver.
INFO - 2023-02-09 07:27:05 --> CSRF token verified.
INFO - 2023-02-09 14:27:07 --> Session: Class initialized using 'CodeIgniter\Session\Handlers\FileHandler' driver.
INFO - 2023-02-09 14:28:19 --> Session: Class initialized using 'CodeIgniter\Session\Handlers\FileHandler' driver.
INFO - 2023-02-09 14:38:17 --> Session: Class initialized using 'CodeIgniter\Session\Handlers\FileHandler' driver.
INFO - 2023-02-09 14:38:20 --> Session: Class initialized using 'CodeIgniter\Session\Handlers\FileHandler' driver.
INFO - 2023-02-09 07:38:21 --> CSRF token verified.
INFO - 2023-02-09 14:38:23 --> Session: Class initialized using 'CodeIgniter\Session\Handlers\FileHandler' driver.
INFO - 2023-02-09 14:50:11 --> Session: Class initialized using 'CodeIgniter\Session\Handlers\FileHandler' driver.
INFO - 2023-02-09 14:53:04 --> Session: Class initialized using 'CodeIgniter\Session\Handlers\FileHandler' driver.
INFO - 2023-02-09 14:53:42 --> Session: Class initialized using 'CodeIgniter\Session\Handlers\FileHandler' driver.
INFO - 2023-02-09 07:53:52 --> CSRF token verified.
INFO - 2023-02-09 14:55:49 --> Session: Class initialized using 'CodeIgniter\Session\Handlers\FileHandler' driver.
INFO - 2023-02-09 07:55:57 --> CSRF token verified.
CRITICAL - 2023-02-09 07:56:05 --> The action you requested is not allowed.
in SYSTEMPATH\Security\Security.php on line 306.
 1 SYSTEMPATH\Security\Security.php(306): CodeIgniter\Security\Exceptions\SecurityException::forDisallowedAction()
 2 SYSTEMPATH\Filters\CSRF.php(55): CodeIgniter\Security\Security->verify(Object(CodeIgniter\HTTP\IncomingRequest))
 3 SYSTEMPATH\Filters\Filters.php(173): CodeIgniter\Filters\CSRF->before(Object(CodeIgniter\HTTP\IncomingRequest), null)
 4 SYSTEMPATH\CodeIgniter.php(473): CodeIgniter\Filters\Filters->run('cms/delete_image_content/', 'before')
 5 SYSTEMPATH\CodeIgniter.php(368): CodeIgniter\CodeIgniter->handleRequest(null, Object(Config\Cache), false)
 6 FCPATH\index.php(67): CodeIgniter\CodeIgniter->run()
 7 SYSTEMPATH\Commands\Server\rewrite.php(47): require_once('FCPATH\\index.php')
INFO - 2023-02-09 14:57:48 --> Session: Class initialized using 'CodeIgniter\Session\Handlers\FileHandler' driver.
INFO - 2023-02-09 07:57:57 --> CSRF token verified.
INFO - 2023-02-09 07:58:04 --> CSRF token verified.
CRITICAL - 2023-02-09 14:58:04 --> unlink(/assets-cms/img/blog/TIARA%20HALAL%20INDONESIA%20%281%29.png): No such file or directory
in APPPATH\Controllers\Cms.php on line 507.
 1 [internal function]: CodeIgniter\Debug\Exceptions->errorHandler(2, 'unlink(/assets-cms/img/blog/TIARA%20HALAL%20INDONESIA%20%281%29.png): No such file or directory', 'APPPATH\\Controllers\\Cms.php', 507)
 2 APPPATH\Controllers\Cms.php(507): unlink('/assets-cms/img/blog/TIARA%20HALAL%20INDONESIA%20%281%29.png')
 3 SYSTEMPATH\CodeIgniter.php(934): App\Controllers\Cms->delete_image_content()
 4 SYSTEMPATH\CodeIgniter.php(499): CodeIgniter\CodeIgniter->runController(Object(App\Controllers\Cms))
 5 SYSTEMPATH\CodeIgniter.php(368): CodeIgniter\CodeIgniter->handleRequest(null, Object(Config\Cache), false)
 6 FCPATH\index.php(67): CodeIgniter\CodeIgniter->run()
 7 SYSTEMPATH\Commands\Server\rewrite.php(47): require_once('FCPATH\\index.php')
INFO - 2023-02-09 14:58:56 --> Session: Class initialized using 'CodeIgniter\Session\Handlers\FileHandler' driver.
INFO - 2023-02-09 07:59:08 --> CSRF token verified.
INFO - 2023-02-09 07:59:14 --> CSRF token verified.
CRITICAL - 2023-02-09 14:59:14 --> unlink(/assets-cms/img/blog/download.png): No such file or directory
in APPPATH\Controllers\Cms.php on line 507.
 1 [internal function]: CodeIgniter\Debug\Exceptions->errorHandler(2, 'unlink(/assets-cms/img/blog/download.png): No such file or directory', 'APPPATH\\Controllers\\Cms.php', 507)
 2 APPPATH\Controllers\Cms.php(507): unlink('/assets-cms/img/blog/download.png')
 3 SYSTEMPATH\CodeIgniter.php(934): App\Controllers\Cms->delete_image_content()
 4 SYSTEMPATH\CodeIgniter.php(499): CodeIgniter\CodeIgniter->runController(Object(App\Controllers\Cms))
 5 SYSTEMPATH\CodeIgniter.php(368): CodeIgniter\CodeIgniter->handleRequest(null, Object(Config\Cache), false)
 6 FCPATH\index.php(67): CodeIgniter\CodeIgniter->run()
 7 SYSTEMPATH\Commands\Server\rewrite.php(47): require_once('FCPATH\\index.php')
INFO - 2023-02-09 15:03:53 --> Session: Class initialized using 'CodeIgniter\Session\Handlers\FileHandler' driver.
INFO - 2023-02-09 08:04:04 --> CSRF token verified.
INFO - 2023-02-09 08:04:09 --> CSRF token verified.
INFO - 2023-02-09 08:04:34 --> CSRF token verified.
INFO - 2023-02-09 08:04:38 --> CSRF token verified.
INFO - 2023-02-09 15:05:07 --> Session: Class initialized using 'CodeIgniter\Session\Handlers\FileHandler' driver.
INFO - 2023-02-09 08:05:14 --> CSRF token verified.
INFO - 2023-02-09 15:05:40 --> Session: Class initialized using 'CodeIgniter\Session\Handlers\FileHandler' driver.
INFO - 2023-02-09 08:05:47 --> CSRF token verified.
INFO - 2023-02-09 08:05:50 --> CSRF token verified.
INFO - 2023-02-09 15:09:25 --> Session: Class initialized using 'CodeIgniter\Session\Handlers\FileHandler' driver.
INFO - 2023-02-09 08:09:30 --> Session: Class initialized using 'CodeIgniter\Session\Handlers\FileHandler' driver.
INFO - 2023-02-09 08:09:31 --> CSRF token verified.
INFO - 2023-02-09 08:09:31 --> Session: Class initialized using 'CodeIgniter\Session\Handlers\FileHandler' driver.
INFO - 2023-02-09 15:09:37 --> Session: Class initialized using 'CodeIgniter\Session\Handlers\FileHandler' driver.
INFO - 2023-02-09 08:09:38 --> CSRF token verified.
INFO - 2023-02-09 15:09:43 --> Session: Class initialized using 'CodeIgniter\Session\Handlers\FileHandler' driver.
INFO - 2023-02-09 08:09:51 --> CSRF token verified.
INFO - 2023-02-09 08:09:59 --> CSRF token verified.
INFO - 2023-02-09 08:10:26 --> CSRF token verified.
INFO - 2023-02-09 08:10:32 --> CSRF token verified.
INFO - 2023-02-09 08:11:01 --> CSRF token verified.
INFO - 2023-02-09 08:11:05 --> CSRF token verified.
CRITICAL - 2023-02-09 15:11:05 --> unlink(/assets-cms/img/blog/KTP.jpg): No such file or directory
in APPPATH\Controllers\Cms.php on line 509.
 1 [internal function]: CodeIgniter\Debug\Exceptions->errorHandler(2, 'unlink(/assets-cms/img/blog/KTP.jpg): No such file or directory', 'APPPATH\\Controllers\\Cms.php', 509)
 2 APPPATH\Controllers\Cms.php(509): unlink('/assets-cms/img/blog/KTP.jpg')
 3 SYSTEMPATH\CodeIgniter.php(934): App\Controllers\Cms->delete_image_content()
 4 SYSTEMPATH\CodeIgniter.php(499): CodeIgniter\CodeIgniter->runController(Object(App\Controllers\Cms))
 5 SYSTEMPATH\CodeIgniter.php(368): CodeIgniter\CodeIgniter->handleRequest(null, Object(Config\Cache), false)
 6 FCPATH\index.php(67): CodeIgniter\CodeIgniter->run()
 7 SYSTEMPATH\Commands\Server\rewrite.php(47): require_once('FCPATH\\index.php')
INFO - 2023-02-09 15:11:37 --> Session: Class initialized using 'CodeIgniter\Session\Handlers\FileHandler' driver.
INFO - 2023-02-09 08:11:45 --> CSRF token verified.
INFO - 2023-02-09 08:11:51 --> CSRF token verified.
INFO - 2023-02-09 15:13:20 --> Session: Class initialized using 'CodeIgniter\Session\Handlers\FileHandler' driver.
INFO - 2023-02-09 08:13:26 --> CSRF token verified.
INFO - 2023-02-09 08:13:30 --> CSRF token verified.
INFO - 2023-02-09 15:14:09 --> Session: Class initialized using 'CodeIgniter\Session\Handlers\FileHandler' driver.
INFO - 2023-02-09 08:14:17 --> CSRF token verified.
INFO - 2023-02-09 08:14:20 --> CSRF token verified.
INFO - 2023-02-09 15:14:56 --> Session: Class initialized using 'CodeIgniter\Session\Handlers\FileHandler' driver.
INFO - 2023-02-09 08:15:03 --> CSRF token verified.
INFO - 2023-02-09 08:15:07 --> CSRF token verified.
INFO - 2023-02-09 15:16:13 --> Session: Class initialized using 'CodeIgniter\Session\Handlers\FileHandler' driver.
INFO - 2023-02-09 08:16:23 --> CSRF token verified.
INFO - 2023-02-09 08:16:25 --> CSRF token verified.
INFO - 2023-02-09 15:16:46 --> Session: Class initialized using 'CodeIgniter\Session\Handlers\FileHandler' driver.
INFO - 2023-02-09 08:16:56 --> CSRF token verified.
INFO - 2023-02-09 15:17:35 --> Session: Class initialized using 'CodeIgniter\Session\Handlers\FileHandler' driver.
INFO - 2023-02-09 08:17:41 --> CSRF token verified.
INFO - 2023-02-09 08:17:58 --> CSRF token verified.
INFO - 2023-02-09 15:19:01 --> Session: Class initialized using 'CodeIgniter\Session\Handlers\FileHandler' driver.
INFO - 2023-02-09 08:19:12 --> CSRF token verified.
INFO - 2023-02-09 08:19:18 --> CSRF token verified.
INFO - 2023-02-09 15:19:48 --> Session: Class initialized using 'CodeIgniter\Session\Handlers\FileHandler' driver.
INFO - 2023-02-09 08:19:58 --> CSRF token verified.
INFO - 2023-02-09 08:20:00 --> CSRF token verified.
INFO - 2023-02-09 15:26:57 --> Session: Class initialized using 'CodeIgniter\Session\Handlers\FileHandler' driver.
INFO - 2023-02-09 08:27:08 --> CSRF token verified.
INFO - 2023-02-09 08:27:10 --> CSRF token verified.
INFO - 2023-02-09 15:29:13 --> Session: Class initialized using 'CodeIgniter\Session\Handlers\FileHandler' driver.
INFO - 2023-02-09 08:29:25 --> CSRF token verified.
INFO - 2023-02-09 08:29:28 --> CSRF token verified.
INFO - 2023-02-09 08:29:48 --> CSRF token verified.
INFO - 2023-02-09 08:29:51 --> CSRF token verified.
INFO - 2023-02-09 15:34:21 --> Session: Class initialized using 'CodeIgniter\Session\Handlers\FileHandler' driver.
INFO - 2023-02-09 08:34:30 --> CSRF token verified.
INFO - 2023-02-09 08:34:40 --> CSRF token verified.
INFO - 2023-02-09 14:59:47 --> Session: Class initialized using 'CodeIgniter\Session\Handlers\FileHandler' driver.
INFO - 2023-02-09 14:59:50 --> CSRF token verified.
INFO - 2023-02-09 14:59:50 --> Session: Class initialized using 'CodeIgniter\Session\Handlers\FileHandler' driver.
INFO - 2023-02-09 21:59:51 --> Session: Class initialized using 'CodeIgniter\Session\Handlers\FileHandler' driver.
INFO - 2023-02-09 21:59:57 --> Session: Class initialized using 'CodeIgniter\Session\Handlers\FileHandler' driver.
INFO - 2023-02-09 15:00:00 --> CSRF token verified.
INFO - 2023-02-09 22:00:03 --> Session: Class initialized using 'CodeIgniter\Session\Handlers\FileHandler' driver.
INFO - 2023-02-09 22:00:32 --> Session: Class initialized using 'CodeIgniter\Session\Handlers\FileHandler' driver.
INFO - 2023-02-09 15:00:33 --> CSRF token verified.
INFO - 2023-02-09 15:00:44 --> CSRF token verified.
INFO - 2023-02-09 15:00:51 --> CSRF token verified.
INFO - 2023-02-09 15:00:56 --> CSRF token verified.
INFO - 2023-02-09 15:01:23 --> CSRF token verified.
INFO - 2023-02-09 15:01:27 --> CSRF token verified.
INFO - 2023-02-09 15:01:30 --> CSRF token verified.
INFO - 2023-02-09 15:01:35 --> CSRF token verified.
INFO - 2023-02-09 22:16:56 --> Session: Class initialized using 'CodeIgniter\Session\Handlers\FileHandler' driver.
INFO - 2023-02-09 15:16:57 --> CSRF token verified.
INFO - 2023-02-09 22:18:01 --> Session: Class initialized using 'CodeIgniter\Session\Handlers\FileHandler' driver.
INFO - 2023-02-09 15:18:03 --> CSRF token verified.
INFO - 2023-02-09 22:18:40 --> Session: Class initialized using 'CodeIgniter\Session\Handlers\FileHandler' driver.
INFO - 2023-02-09 15:18:42 --> CSRF token verified.
INFO - 2023-02-09 22:19:13 --> Session: Class initialized using 'CodeIgniter\Session\Handlers\FileHandler' driver.
INFO - 2023-02-09 15:19:15 --> CSRF token verified.
INFO - 2023-02-09 22:19:32 --> Session: Class initialized using 'CodeIgniter\Session\Handlers\FileHandler' driver.
INFO - 2023-02-09 15:19:33 --> CSRF token verified.
INFO - 2023-02-09 22:27:31 --> Session: Class initialized using 'CodeIgniter\Session\Handlers\FileHandler' driver.
INFO - 2023-02-09 22:27:31 --> Session: Class initialized using 'CodeIgniter\Session\Handlers\FileHandler' driver.
INFO - 2023-02-09 22:27:31 --> Session: Class initialized using 'CodeIgniter\Session\Handlers\FileHandler' driver.
INFO - 2023-02-09 22:27:32 --> Session: Class initialized using 'CodeIgniter\Session\Handlers\FileHandler' driver.
INFO - 2023-02-09 22:27:32 --> Session: Class initialized using 'CodeIgniter\Session\Handlers\FileHandler' driver.
INFO - 2023-02-09 22:27:33 --> Session: Class initialized using 'CodeIgniter\Session\Handlers\FileHandler' driver.
INFO - 2023-02-09 22:27:33 --> Session: Class initialized using 'CodeIgniter\Session\Handlers\FileHandler' driver.
INFO - 2023-02-09 15:27:34 --> CSRF token verified.
INFO - 2023-02-09 22:39:13 --> Session: Class initialized using 'CodeIgniter\Session\Handlers\FileHandler' driver.
INFO - 2023-02-09 15:39:15 --> CSRF token verified.
INFO - 2023-02-09 22:41:20 --> Session: Class initialized using 'CodeIgniter\Session\Handlers\FileHandler' driver.
INFO - 2023-02-09 15:41:22 --> CSRF token verified.
INFO - 2023-02-09 22:41:44 --> Session: Class initialized using 'CodeIgniter\Session\Handlers\FileHandler' driver.
INFO - 2023-02-09 15:41:45 --> CSRF token verified.
INFO - 2023-02-09 22:58:17 --> Session: Class initialized using 'CodeIgniter\Session\Handlers\FileHandler' driver.
INFO - 2023-02-09 15:58:19 --> CSRF token verified.
INFO - 2023-02-09 15:58:47 --> CSRF token verified.
INFO - 2023-02-09 22:58:48 --> Session: Class initialized using 'CodeIgniter\Session\Handlers\FileHandler' driver.
INFO - 2023-02-09 22:58:48 --> Session: Class initialized using 'CodeIgniter\Session\Handlers\FileHandler' driver.
INFO - 2023-02-09 15:59:04 --> CSRF token verified.
INFO - 2023-02-09 22:59:04 --> Session: Class initialized using 'CodeIgniter\Session\Handlers\FileHandler' driver.
INFO - 2023-02-09 22:59:05 --> Session: Class initialized using 'CodeIgniter\Session\Handlers\FileHandler' driver.
INFO - 2023-02-09 16:03:20 --> CSRF token verified.
INFO - 2023-02-09 23:03:20 --> Session: Class initialized using 'CodeIgniter\Session\Handlers\FileHandler' driver.
INFO - 2023-02-09 23:03:20 --> Session: Class initialized using 'CodeIgniter\Session\Handlers\FileHandler' driver.
INFO - 2023-02-09 23:03:23 --> Session: Class initialized using 'CodeIgniter\Session\Handlers\FileHandler' driver.
INFO - 2023-02-09 16:03:25 --> CSRF token verified.
INFO - 2023-02-09 16:03:41 --> CSRF token verified.
INFO - 2023-02-09 23:03:41 --> Session: Class initialized using 'CodeIgniter\Session\Handlers\FileHandler' driver.
INFO - 2023-02-09 23:03:41 --> Session: Class initialized using 'CodeIgniter\Session\Handlers\FileHandler' driver.
INFO - 2023-02-09 16:05:33 --> CSRF token verified.
INFO - 2023-02-09 23:05:33 --> Session: Class initialized using 'CodeIgniter\Session\Handlers\FileHandler' driver.
INFO - 2023-02-09 23:05:33 --> Session: Class initialized using 'CodeIgniter\Session\Handlers\FileHandler' driver.
INFO - 2023-02-09 16:06:10 --> CSRF token verified.
INFO - 2023-02-09 23:06:10 --> Session: Class initialized using 'CodeIgniter\Session\Handlers\FileHandler' driver.
INFO - 2023-02-09 23:06:10 --> Session: Class initialized using 'CodeIgniter\Session\Handlers\FileHandler' driver.
INFO - 2023-02-09 22:38:57 --> CSRF token verified.
INFO - 2023-02-09 22:39:45 --> CSRF token verified.
INFO - 2023-02-09 22:43:46 --> CSRF token verified.
INFO - 2023-02-09 22:44:15 --> CSRF token verified.
INFO - 2023-02-09 22:47:57 --> Session: Class initialized using 'CodeIgniter\Session\Handlers\FileHandler' driver.
INFO - 2023-02-09 22:48:01 --> CSRF token verified.
INFO - 2023-02-09 22:48:01 --> Session: Class initialized using 'CodeIgniter\Session\Handlers\FileHandler' driver.
INFO - 2023-02-09 22:50:21 --> CSRF token verified.
INFO - 2023-02-09 22:50:21 --> Session: Class initialized using 'CodeIgniter\Session\Handlers\FileHandler' driver.
INFO - 2023-02-09 22:50:24 --> CSRF token verified.
INFO - 2023-02-09 22:50:24 --> Session: Class initialized using 'CodeIgniter\Session\Handlers\FileHandler' driver.
INFO - 2023-02-09 22:50:30 --> CSRF token verified.
INFO - 2023-02-09 22:50:46 --> CSRF token verified.
INFO - 2023-02-09 22:50:57 --> CSRF token verified.
INFO - 2023-02-09 22:52:24 --> CSRF token verified.
INFO - 2023-02-09 22:52:38 --> CSRF token verified.
INFO - 2023-02-09 22:54:01 --> CSRF token verified.
INFO - 2023-02-09 22:55:46 --> CSRF token verified.
INFO - 2023-02-09 22:55:53 --> CSRF token verified.
INFO - 2023-02-09 22:56:08 --> CSRF token verified.
INFO - 2023-02-09 22:56:23 --> CSRF token verified.
INFO - 2023-02-09 22:57:17 --> CSRF token verified.
INFO - 2023-02-09 22:57:40 --> CSRF token verified.
INFO - 2023-02-09 22:57:40 --> CSRF token verified.
INFO - 2023-02-09 22:58:30 --> CSRF token verified.
INFO - 2023-02-09 22:58:48 --> CSRF token verified.
INFO - 2023-02-09 23:00:02 --> CSRF token verified.
INFO - 2023-02-09 23:00:14 --> CSRF token verified.
INFO - 2023-02-09 23:01:41 --> CSRF token verified.
INFO - 2023-02-09 23:04:56 --> CSRF token verified.
INFO - 2023-02-09 23:05:10 --> CSRF token verified.
INFO - 2023-02-09 23:07:42 --> CSRF token verified.
INFO - 2023-02-09 23:07:50 --> CSRF token verified.
INFO - 2023-02-09 23:07:53 --> CSRF token verified.
INFO - 2023-02-09 23:07:56 --> CSRF token verified.
INFO - 2023-02-09 23:07:59 --> CSRF token verified.
INFO - 2023-02-09 23:08:01 --> CSRF token verified.
INFO - 2023-02-09 23:08:04 --> CSRF token verified.
INFO - 2023-02-09 23:08:08 --> CSRF token verified.
INFO - 2023-02-09 23:08:10 --> CSRF token verified.
INFO - 2023-02-09 23:08:15 --> CSRF token verified.
INFO - 2023-02-09 23:09:41 --> CSRF token verified.
INFO - 2023-02-09 23:09:45 --> CSRF token verified.
INFO - 2023-02-09 23:09:52 --> CSRF token verified.
INFO - 2023-02-09 23:09:55 --> CSRF token verified.
INFO - 2023-02-09 23:09:59 --> CSRF token verified.
INFO - 2023-02-09 23:10:21 --> CSRF token verified.
INFO - 2023-02-09 23:10:31 --> CSRF token verified.
INFO - 2023-02-09 23:10:37 --> CSRF token verified.
INFO - 2023-02-09 23:12:29 --> CSRF token verified.
INFO - 2023-02-09 23:12:41 --> CSRF token verified.
INFO - 2023-02-09 23:12:42 --> CSRF token verified.
INFO - 2023-02-09 23:13:30 --> CSRF token verified.
INFO - 2023-02-09 23:13:34 --> CSRF token verified.
INFO - 2023-02-09 23:13:40 --> CSRF token verified.
INFO - 2023-02-09 23:13:43 --> CSRF token verified.
INFO - 2023-02-09 23:13:46 --> CSRF token verified.
INFO - 2023-02-09 23:26:31 --> CSRF token verified.
INFO - 2023-02-09 23:26:36 --> CSRF token verified.
INFO - 2023-02-09 23:26:40 --> CSRF token verified.
INFO - 2023-02-09 23:27:46 --> CSRF token verified.
INFO - 2023-02-09 23:27:48 --> CSRF token verified.
INFO - 2023-02-09 23:27:56 --> CSRF token verified.
INFO - 2023-02-09 23:28:09 --> CSRF token verified.
INFO - 2023-02-09 23:31:18 --> CSRF token verified.
INFO - 2023-02-09 23:31:39 --> CSRF token verified.
INFO - 2023-02-09 23:39:35 --> CSRF token verified.
INFO - 2023-02-09 23:41:27 --> CSRF token verified.
INFO - 2023-02-09 23:42:00 --> CSRF token verified.
INFO - 2023-02-09 23:42:49 --> CSRF token verified.
INFO - 2023-02-09 23:46:19 --> CSRF token verified.
INFO - 2023-02-09 23:46:36 --> CSRF token verified.
INFO - 2023-02-09 23:46:40 --> CSRF token verified.
INFO - 2023-02-09 23:46:44 --> CSRF token verified.
INFO - 2023-02-09 23:47:00 --> CSRF token verified.
INFO - 2023-02-09 23:47:31 --> CSRF token verified.
INFO - 2023-02-09 23:47:31 --> CSRF token verified.
INFO - 2023-02-09 23:47:38 --> CSRF token verified.
INFO - 2023-02-09 23:56:57 --> CSRF token verified.
INFO - 2023-02-09 23:57:31 --> CSRF token verified.
INFO - 2023-02-09 23:57:32 --> CSRF token verified.
INFO - 2023-02-09 23:58:10 --> CSRF token verified.
