CRITICAL - 2023-02-12 09:52:04 --> Undefined variable $list_blog
in APPPATH\Views\home\blog_detail.php on line 16.
 1 APPPATH\Views\home\blog_detail.php(16): CodeIgniter\Debug\Exceptions->errorHandler(2, 'Undefined variable $list_blog', 'APPPATH\\Views\\home\\blog_detail.php', 16)
 2 SYSTEMPATH\View\View.php(213): include('APPPATH\\Views\\home\\blog_detail.php')
 3 SYSTEMPATH\View\View.php(216): CodeIgniter\View\View->CodeIgniter\View\{closure}()
 4 SYSTEMPATH\Common.php(1177): CodeIgniter\View\View->render('home/blog_detail', [], true)
 5 APPPATH\Controllers\Home.php(72): view('home/blog_detail', [...])
 6 SYSTEMPATH\CodeIgniter.php(934): App\Controllers\Home->blog_('discovery-incommode-earnestly-commanded')
 7 SYSTEMPATH\CodeIgniter.php(499): CodeIgniter\CodeIgniter->runController(Object(App\Controllers\Home))
 8 SYSTEMPATH\CodeIgniter.php(368): CodeIgniter\CodeIgniter->handleRequest(null, Object(Config\Cache), false)
 9 FCPATH\index.php(67): CodeIgniter\CodeIgniter->run()
10 SYSTEMPATH\Commands\Server\rewrite.php(47): require_once('FCPATH\\index.php')
CRITICAL - 2023-02-12 09:52:09 --> Undefined variable $list_blog
in APPPATH\Views\home\blog_detail.php on line 16.
 1 APPPATH\Views\home\blog_detail.php(16): CodeIgniter\Debug\Exceptions->errorHandler(2, 'Undefined variable $list_blog', 'APPPATH\\Views\\home\\blog_detail.php', 16)
 2 SYSTEMPATH\View\View.php(213): include('APPPATH\\Views\\home\\blog_detail.php')
 3 SYSTEMPATH\View\View.php(216): CodeIgniter\View\View->CodeIgniter\View\{closure}()
 4 SYSTEMPATH\Common.php(1177): CodeIgniter\View\View->render('home/blog_detail', [], true)
 5 APPPATH\Controllers\Home.php(72): view('home/blog_detail', [...])
 6 SYSTEMPATH\CodeIgniter.php(934): App\Controllers\Home->blog_('discovery-incommode-earnestly-commanded')
 7 SYSTEMPATH\CodeIgniter.php(499): CodeIgniter\CodeIgniter->runController(Object(App\Controllers\Home))
 8 SYSTEMPATH\CodeIgniter.php(368): CodeIgniter\CodeIgniter->handleRequest(null, Object(Config\Cache), false)
 9 FCPATH\index.php(67): CodeIgniter\CodeIgniter->run()
10 SYSTEMPATH\Commands\Server\rewrite.php(47): require_once('FCPATH\\index.php')
CRITICAL - 2023-02-12 09:53:28 --> Undefined variable $pager
in APPPATH\Views\home\blog_detail.php on line 39.
 1 APPPATH\Views\home\blog_detail.php(39): CodeIgniter\Debug\Exceptions->errorHandler(2, 'Undefined variable $pager', 'APPPATH\\Views\\home\\blog_detail.php', 39)
 2 SYSTEMPATH\View\View.php(213): include('APPPATH\\Views\\home\\blog_detail.php')
 3 SYSTEMPATH\View\View.php(216): CodeIgniter\View\View->CodeIgniter\View\{closure}()
 4 SYSTEMPATH\Common.php(1177): CodeIgniter\View\View->render('home/blog_detail', [], true)
 5 APPPATH\Controllers\Home.php(72): view('home/blog_detail', [...])
 6 SYSTEMPATH\CodeIgniter.php(934): App\Controllers\Home->blog_('discovery-incommode-earnestly-commanded')
 7 SYSTEMPATH\CodeIgniter.php(499): CodeIgniter\CodeIgniter->runController(Object(App\Controllers\Home))
 8 SYSTEMPATH\CodeIgniter.php(368): CodeIgniter\CodeIgniter->handleRequest(null, Object(Config\Cache), false)
 9 FCPATH\index.php(67): CodeIgniter\CodeIgniter->run()
10 SYSTEMPATH\Commands\Server\rewrite.php(47): require_once('FCPATH\\index.php')
CRITICAL - 2023-02-12 09:53:41 --> Attempt to read property "photo_url" on string
in APPPATH\Views\home\blog_detail.php on line 19.
 1 APPPATH\Views\home\blog_detail.php(19): CodeIgniter\Debug\Exceptions->errorHandler(2, 'Attempt to read property "photo_url" on string', 'APPPATH\\Views\\home\\blog_detail.php', 19)
 2 SYSTEMPATH\View\View.php(213): include('APPPATH\\Views\\home\\blog_detail.php')
 3 SYSTEMPATH\View\View.php(216): CodeIgniter\View\View->CodeIgniter\View\{closure}()
 4 SYSTEMPATH\Common.php(1177): CodeIgniter\View\View->render('home/blog_detail', [], true)
 5 APPPATH\Controllers\Home.php(72): view('home/blog_detail', [...])
 6 SYSTEMPATH\CodeIgniter.php(934): App\Controllers\Home->blog_('FCPATH\\style.css')
 7 SYSTEMPATH\CodeIgniter.php(499): CodeIgniter\CodeIgniter->runController(Object(App\Controllers\Home))
 8 SYSTEMPATH\CodeIgniter.php(368): CodeIgniter\CodeIgniter->handleRequest(null, Object(Config\Cache), false)
 9 FCPATH\index.php(67): CodeIgniter\CodeIgniter->run()
10 SYSTEMPATH\Commands\Server\rewrite.php(47): require_once('FCPATH\\index.php')
CRITICAL - 2023-02-12 10:36:11 --> Too few arguments to function App\Controllers\Home::blog_(), 0 passed in C:\xampp\htdocs\tiarahalalindonesia\system\CodeIgniter.php on line 934 and exactly 1 expected
in APPPATH\Controllers\Home.php on line 68.
 1 SYSTEMPATH\CodeIgniter.php(934): App\Controllers\Home->blog_()
 2 SYSTEMPATH\CodeIgniter.php(499): CodeIgniter\CodeIgniter->runController(Object(App\Controllers\Home))
 3 SYSTEMPATH\CodeIgniter.php(368): CodeIgniter\CodeIgniter->handleRequest(null, Object(Config\Cache), false)
 4 FCPATH\index.php(67): CodeIgniter\CodeIgniter->run()
 5 SYSTEMPATH\Commands\Server\rewrite.php(47): require_once('FCPATH\\index.php')
CRITICAL - 2023-02-12 10:45:38 --> Undefined property: stdClass::$deskripsi
in APPPATH\Views\home\blog.php on line 35.
 1 APPPATH\Views\home\blog.php(35): CodeIgniter\Debug\Exceptions->errorHandler(2, 'Undefined property: stdClass::$deskripsi', 'APPPATH\\Views\\home\\blog.php', 35)
 2 SYSTEMPATH\View\View.php(213): include('APPPATH\\Views\\home\\blog.php')
 3 SYSTEMPATH\View\View.php(216): CodeIgniter\View\View->CodeIgniter\View\{closure}()
 4 SYSTEMPATH\Common.php(1177): CodeIgniter\View\View->render('home/blog', [], true)
 5 APPPATH\Controllers\Home.php(39): view('home/blog', [...])
 6 SYSTEMPATH\CodeIgniter.php(934): App\Controllers\Home->blog()
 7 SYSTEMPATH\CodeIgniter.php(499): CodeIgniter\CodeIgniter->runController(Object(App\Controllers\Home))
 8 SYSTEMPATH\CodeIgniter.php(368): CodeIgniter\CodeIgniter->handleRequest(null, Object(Config\Cache), false)
 9 FCPATH\index.php(67): CodeIgniter\CodeIgniter->run()
10 SYSTEMPATH\Commands\Server\rewrite.php(47): require_once('FCPATH\\index.php')
