CRITICAL - 2023-04-14 00:36:34 --> unlink(./assets-cms/img/konfigurasi/.): Is a directory
in APPPATH\Controllers\Konfigurasi.php on line 196.
 1 [internal function]: CodeIgniter\Debug\Exceptions->errorHandler(2, 'unlink(./assets-cms/img/konfigurasi/.): Is a directory', 'APPPATH\\Controllers\\Konfigurasi.php', 196)
 2 APPPATH\Controllers\Konfigurasi.php(196): unlink('FCPATH\\assets-cms\\img\\konfigurasi')
 3 SYSTEMPATH\CodeIgniter.php(934): App\Controllers\Konfigurasi->update_konfigurasi()
 4 SYSTEMPATH\CodeIgniter.php(499): CodeIgniter\CodeIgniter->runController(Object(App\Controllers\Konfigurasi))
 5 SYSTEMPATH\CodeIgniter.php(368): CodeIgniter\CodeIgniter->handleRequest(null, Object(Config\Cache), false)
 6 FCPATH\index.php(67): CodeIgniter\CodeIgniter->run()
 7 SYSTEMPATH\Commands\Server\rewrite.php(47): require_once('FCPATH\\index.php')
CRITICAL - 2023-04-14 00:38:35 --> The original file is not a valid file.
in SYSTEMPATH\HTTP\Files\UploadedFile.php on line 137.
 1 SYSTEMPATH\HTTP\Files\UploadedFile.php(137): CodeIgniter\HTTP\Exceptions\HTTPException::forInvalidFile()
 2 APPPATH\Controllers\Konfigurasi.php(204): CodeIgniter\HTTP\Files\UploadedFile->move('FCPATH\\assets-cms\\img\\konfigurasi')
 3 SYSTEMPATH\CodeIgniter.php(934): App\Controllers\Konfigurasi->update_konfigurasi()
 4 SYSTEMPATH\CodeIgniter.php(499): CodeIgniter\CodeIgniter->runController(Object(App\Controllers\Konfigurasi))
 5 SYSTEMPATH\CodeIgniter.php(368): CodeIgniter\CodeIgniter->handleRequest(null, Object(Config\Cache), false)
 6 FCPATH\index.php(67): CodeIgniter\CodeIgniter->run()
 7 SYSTEMPATH\Commands\Server\rewrite.php(47): require_once('FCPATH\\index.php')
CRITICAL - 2023-04-14 00:39:06 --> The original file is not a valid file.
in SYSTEMPATH\HTTP\Files\UploadedFile.php on line 137.
 1 SYSTEMPATH\HTTP\Files\UploadedFile.php(137): CodeIgniter\HTTP\Exceptions\HTTPException::forInvalidFile()
 2 APPPATH\Controllers\Konfigurasi.php(204): CodeIgniter\HTTP\Files\UploadedFile->move('FCPATH\\assets-cms\\img\\konfigurasi')
 3 SYSTEMPATH\CodeIgniter.php(934): App\Controllers\Konfigurasi->update_konfigurasi()
 4 SYSTEMPATH\CodeIgniter.php(499): CodeIgniter\CodeIgniter->runController(Object(App\Controllers\Konfigurasi))
 5 SYSTEMPATH\CodeIgniter.php(368): CodeIgniter\CodeIgniter->handleRequest(null, Object(Config\Cache), false)
 6 FCPATH\index.php(67): CodeIgniter\CodeIgniter->run()
 7 SYSTEMPATH\Commands\Server\rewrite.php(47): require_once('FCPATH\\index.php')
