ERROR - 2023-03-16 15:05:36 --> Error connecting to the database: mysqli_sql_exception: No connection could be made because the target machine actively refused it in C:\xampp\htdocs\acta\system\Database\MySQLi\Connection.php:174
Stack trace:
#0 C:\xampp\htdocs\acta\system\Database\MySQLi\Connection.php(174): mysqli->real_connect('localhost', 'root', '', 'acta', 3306, '', 0)
#1 C:\xampp\htdocs\acta\system\Database\BaseConnection.php(391): CodeIgniter\Database\MySQLi\Connection->connect(false)
#2 C:\xampp\htdocs\acta\system\Database\BaseConnection.php(573): CodeIgniter\Database\BaseConnection->initialize()
#3 C:\xampp\htdocs\acta\app\Models\KonfigurasiModel.php(68): CodeIgniter\Database\BaseConnection->query('SELECT * FROM s...')
#4 C:\xampp\htdocs\acta\app\Controllers\Home.php(21): App\Models\KonfigurasiModel->getSlider()
#5 C:\xampp\htdocs\acta\system\CodeIgniter.php(934): App\Controllers\Home->index()
#6 C:\xampp\htdocs\acta\system\CodeIgniter.php(499): CodeIgniter\CodeIgniter->runController(Object(App\Controllers\Home))
#7 C:\xampp\htdocs\acta\system\CodeIgniter.php(368): CodeIgniter\CodeIgniter->handleRequest(NULL, Object(Config\Cache), false)
#8 C:\xampp\htdocs\acta\public\index.php(67): CodeIgniter\CodeIgniter->run()
#9 C:\xampp\htdocs\acta\system\Commands\Server\rewrite.php(47): require_once('C:\\xampp\\htdocs...')
#10 {main}

Next CodeIgniter\Database\Exceptions\DatabaseException: No connection could be made because the target machine actively refused it in C:\xampp\htdocs\acta\system\Database\MySQLi\Connection.php:218
Stack trace:
#0 C:\xampp\htdocs\acta\system\Database\BaseConnection.php(391): CodeIgniter\Database\MySQLi\Connection->connect(false)
#1 C:\xampp\htdocs\acta\system\Database\BaseConnection.php(573): CodeIgniter\Database\BaseConnection->initialize()
#2 C:\xampp\htdocs\acta\app\Models\KonfigurasiModel.php(68): CodeIgniter\Database\BaseConnection->query('SELECT * FROM s...')
#3 C:\xampp\htdocs\acta\app\Controllers\Home.php(21): App\Models\KonfigurasiModel->getSlider()
#4 C:\xampp\htdocs\acta\system\CodeIgniter.php(934): App\Controllers\Home->index()
#5 C:\xampp\htdocs\acta\system\CodeIgniter.php(499): CodeIgniter\CodeIgniter->runController(Object(App\Controllers\Home))
#6 C:\xampp\htdocs\acta\system\CodeIgniter.php(368): CodeIgniter\CodeIgniter->handleRequest(NULL, Object(Config\Cache), false)
#7 C:\xampp\htdocs\acta\public\index.php(67): CodeIgniter\CodeIgniter->run()
#8 C:\xampp\htdocs\acta\system\Commands\Server\rewrite.php(47): require_once('C:\\xampp\\htdocs...')
#9 {main}
CRITICAL - 2023-03-16 15:05:36 --> Unable to connect to the database.
Main connection [MySQLi]: No connection could be made because the target machine actively refused it
in SYSTEMPATH\Database\BaseConnection.php on line 427.
 1 SYSTEMPATH\Database\BaseConnection.php(573): CodeIgniter\Database\BaseConnection->initialize()
 2 APPPATH\Models\KonfigurasiModel.php(68): CodeIgniter\Database\BaseConnection->query('SELECT * FROM slider WHERE `status`=1 ORDER BY no_urut ASC')
 3 APPPATH\Controllers\Home.php(21): App\Models\KonfigurasiModel->getSlider()
 4 SYSTEMPATH\CodeIgniter.php(934): App\Controllers\Home->index()
 5 SYSTEMPATH\CodeIgniter.php(499): CodeIgniter\CodeIgniter->runController(Object(App\Controllers\Home))
 6 SYSTEMPATH\CodeIgniter.php(368): CodeIgniter\CodeIgniter->handleRequest(null, Object(Config\Cache), false)
 7 FCPATH\index.php(67): CodeIgniter\CodeIgniter->run()
 8 SYSTEMPATH\Commands\Server\rewrite.php(47): require_once('FCPATH\\index.php')
ERROR - 2023-03-16 15:05:46 --> mysqli_sql_exception: Table 'acta.produk_value' doesn't exist in C:\xampp\htdocs\acta\system\Database\MySQLi\Connection.php:295
Stack trace:
#0 C:\xampp\htdocs\acta\system\Database\MySQLi\Connection.php(295): mysqli->query('SELECT *\nFROM `...', 0)
#1 C:\xampp\htdocs\acta\system\Database\BaseConnection.php(691): CodeIgniter\Database\MySQLi\Connection->execute('SELECT *\nFROM `...')
#2 C:\xampp\htdocs\acta\system\Database\BaseConnection.php(605): CodeIgniter\Database\BaseConnection->simpleQuery('SELECT *\nFROM `...')
#3 C:\xampp\htdocs\acta\system\Database\BaseBuilder.php(1735): CodeIgniter\Database\BaseConnection->query('SELECT *\nFROM `...', Array, false)
#4 C:\xampp\htdocs\acta\app\Controllers\Home.php(22): CodeIgniter\Database\BaseBuilder->getWhere(Array)
#5 C:\xampp\htdocs\acta\system\CodeIgniter.php(934): App\Controllers\Home->index()
#6 C:\xampp\htdocs\acta\system\CodeIgniter.php(499): CodeIgniter\CodeIgniter->runController(Object(App\Controllers\Home))
#7 C:\xampp\htdocs\acta\system\CodeIgniter.php(368): CodeIgniter\CodeIgniter->handleRequest(NULL, Object(Config\Cache), false)
#8 C:\xampp\htdocs\acta\public\index.php(67): CodeIgniter\CodeIgniter->run()
#9 C:\xampp\htdocs\acta\system\Commands\Server\rewrite.php(47): require_once('C:\\xampp\\htdocs...')
#10 {main}
CRITICAL - 2023-03-16 15:05:46 --> Table 'acta.produk_value' doesn't exist
in SYSTEMPATH\Database\BaseConnection.php on line 645.
 1 SYSTEMPATH\Database\BaseBuilder.php(1735): CodeIgniter\Database\BaseConnection->query('SELECT *
FROM `produk_value`
WHERE `status` = :status:', [...], false)
 2 APPPATH\Controllers\Home.php(22): CodeIgniter\Database\BaseBuilder->getWhere([...])
 3 SYSTEMPATH\CodeIgniter.php(934): App\Controllers\Home->index()
 4 SYSTEMPATH\CodeIgniter.php(499): CodeIgniter\CodeIgniter->runController(Object(App\Controllers\Home))
 5 SYSTEMPATH\CodeIgniter.php(368): CodeIgniter\CodeIgniter->handleRequest(null, Object(Config\Cache), false)
 6 FCPATH\index.php(67): CodeIgniter\CodeIgniter->run()
 7 SYSTEMPATH\Commands\Server\rewrite.php(47): require_once('FCPATH\\index.php')
INFO - 2023-03-16 08:05:59 --> Session: Class initialized using 'CodeIgniter\Session\Handlers\FileHandler' driver.
INFO - 2023-03-16 08:06:09 --> CSRF token verified.
INFO - 2023-03-16 08:06:09 --> Session: Class initialized using 'CodeIgniter\Session\Handlers\FileHandler' driver.
INFO - 2023-03-16 08:06:10 --> Session: Class initialized using 'CodeIgniter\Session\Handlers\FileHandler' driver.
INFO - 2023-03-16 08:06:16 --> Session: Class initialized using 'CodeIgniter\Session\Handlers\FileHandler' driver.
INFO - 2023-03-16 08:06:19 --> Session: Class initialized using 'CodeIgniter\Session\Handlers\FileHandler' driver.
INFO - 2023-03-16 08:06:19 --> CSRF token verified.
CRITICAL - 2023-03-16 15:06:19 --> Undefined property: stdClass::$video_url
in APPPATH\Controllers\Konfigurasi.php on line 631.
 1 APPPATH\Controllers\Konfigurasi.php(631): CodeIgniter\Debug\Exceptions->errorHandler(2, 'Undefined property: stdClass::$video_url', 'APPPATH\\Controllers\\Konfigurasi.php', 631)
 2 SYSTEMPATH\CodeIgniter.php(934): App\Controllers\Konfigurasi->slider_()
 3 SYSTEMPATH\CodeIgniter.php(499): CodeIgniter\CodeIgniter->runController(Object(App\Controllers\Konfigurasi))
 4 SYSTEMPATH\CodeIgniter.php(368): CodeIgniter\CodeIgniter->handleRequest(null, Object(Config\Cache), false)
 5 FCPATH\index.php(67): CodeIgniter\CodeIgniter->run()
 6 SYSTEMPATH\Commands\Server\rewrite.php(47): require_once('FCPATH\\index.php')
