CRITICAL - 2023-05-04 14:05:25 --> Undefined array key 0
in APPPATH\Controllers\Home.php on line 179.
 1 APPPATH\Controllers\Home.php(179): CodeIgniter\Debug\Exceptions->errorHandler(2, 'Undefined array key 0', 'APPPATH\\Controllers\\Home.php', 179)
 2 SYSTEMPATH\CodeIgniter.php(934): App\Controllers\Home->produk_by('images', 'background', 'pattern-7.png')
 3 SYSTEMPATH\CodeIgniter.php(499): CodeIgniter\CodeIgniter->runController(Object(App\Controllers\Home))
 4 SYSTEMPATH\CodeIgniter.php(368): CodeIgniter\CodeIgniter->handleRequest(null, Object(Config\Cache), false)
 5 FCPATH\index.php(67): CodeIgniter\CodeIgniter->run()
 6 SYSTEMPATH\Commands\Server\rewrite.php(47): require_once('FCPATH\\index.php')
CRITICAL - 2023-05-04 14:05:25 --> Undefined array key 0
in APPPATH\Controllers\Home.php on line 179.
 1 APPPATH\Controllers\Home.php(179): CodeIgniter\Debug\Exceptions->errorHandler(2, 'Undefined array key 0', 'APPPATH\\Controllers\\Home.php', 179)
 2 SYSTEMPATH\CodeIgniter.php(934): App\Controllers\Home->produk_by('images', 'background', 'pattern-8.png')
 3 SYSTEMPATH\CodeIgniter.php(499): CodeIgniter\CodeIgniter->runController(Object(App\Controllers\Home))
 4 SYSTEMPATH\CodeIgniter.php(368): CodeIgniter\CodeIgniter->handleRequest(null, Object(Config\Cache), false)
 5 FCPATH\index.php(67): CodeIgniter\CodeIgniter->run()
 6 SYSTEMPATH\Commands\Server\rewrite.php(47): require_once('FCPATH\\index.php')
CRITICAL - 2023-05-04 14:05:43 --> Undefined array key 0
in APPPATH\Controllers\Home.php on line 179.
 1 APPPATH\Controllers\Home.php(179): CodeIgniter\Debug\Exceptions->errorHandler(2, 'Undefined array key 0', 'APPPATH\\Controllers\\Home.php', 179)
 2 SYSTEMPATH\CodeIgniter.php(934): App\Controllers\Home->produk_by('images', 'background', 'pattern-7.png')
 3 SYSTEMPATH\CodeIgniter.php(499): CodeIgniter\CodeIgniter->runController(Object(App\Controllers\Home))
 4 SYSTEMPATH\CodeIgniter.php(368): CodeIgniter\CodeIgniter->handleRequest(null, Object(Config\Cache), false)
 5 FCPATH\index.php(67): CodeIgniter\CodeIgniter->run()
 6 SYSTEMPATH\Commands\Server\rewrite.php(47): require_once('FCPATH\\index.php')
CRITICAL - 2023-05-04 14:05:43 --> Undefined array key 0
in APPPATH\Controllers\Home.php on line 179.
 1 APPPATH\Controllers\Home.php(179): CodeIgniter\Debug\Exceptions->errorHandler(2, 'Undefined array key 0', 'APPPATH\\Controllers\\Home.php', 179)
 2 SYSTEMPATH\CodeIgniter.php(934): App\Controllers\Home->produk_by('images', 'background', 'pattern-8.png')
 3 SYSTEMPATH\CodeIgniter.php(499): CodeIgniter\CodeIgniter->runController(Object(App\Controllers\Home))
 4 SYSTEMPATH\CodeIgniter.php(368): CodeIgniter\CodeIgniter->handleRequest(null, Object(Config\Cache), false)
 5 FCPATH\index.php(67): CodeIgniter\CodeIgniter->run()
 6 SYSTEMPATH\Commands\Server\rewrite.php(47): require_once('FCPATH\\index.php')
CRITICAL - 2023-05-04 14:07:02 --> Undefined array key 0
in APPPATH\Controllers\Home.php on line 179.
 1 APPPATH\Controllers\Home.php(179): CodeIgniter\Debug\Exceptions->errorHandler(2, 'Undefined array key 0', 'APPPATH\\Controllers\\Home.php', 179)
 2 SYSTEMPATH\CodeIgniter.php(934): App\Controllers\Home->produk_by('images', 'background', 'pattern-7.png')
 3 SYSTEMPATH\CodeIgniter.php(499): CodeIgniter\CodeIgniter->runController(Object(App\Controllers\Home))
 4 SYSTEMPATH\CodeIgniter.php(368): CodeIgniter\CodeIgniter->handleRequest(null, Object(Config\Cache), false)
 5 FCPATH\index.php(67): CodeIgniter\CodeIgniter->run()
 6 SYSTEMPATH\Commands\Server\rewrite.php(47): require_once('FCPATH\\index.php')
CRITICAL - 2023-05-04 14:07:03 --> Undefined array key 0
in APPPATH\Controllers\Home.php on line 179.
 1 APPPATH\Controllers\Home.php(179): CodeIgniter\Debug\Exceptions->errorHandler(2, 'Undefined array key 0', 'APPPATH\\Controllers\\Home.php', 179)
 2 SYSTEMPATH\CodeIgniter.php(934): App\Controllers\Home->produk_by('images', 'background', 'pattern-8.png')
 3 SYSTEMPATH\CodeIgniter.php(499): CodeIgniter\CodeIgniter->runController(Object(App\Controllers\Home))
 4 SYSTEMPATH\CodeIgniter.php(368): CodeIgniter\CodeIgniter->handleRequest(null, Object(Config\Cache), false)
 5 FCPATH\index.php(67): CodeIgniter\CodeIgniter->run()
 6 SYSTEMPATH\Commands\Server\rewrite.php(47): require_once('FCPATH\\index.php')
